[ INFO  ] [ 09/18 16:01:10 ] Application closing...
[ INFO  ] [ 09/18 16:01:10 ] edu.cornell.rocketry.util.DataLogger#close() deleted unused log file 'tem_log_file_1474228847136ms.temdata'
[ INFO  ] [ 09/18 16:01:10 ] Data logger closed
[ INFO  ] [ 09/18 16:01:10 ] Application closed
[ INFO  ] [ 09/18 16:01:33 ] Application closing...
[ INFO  ] [ 09/18 16:01:33 ] edu.cornell.rocketry.util.DataLogger#close() deleted unused log file 'tem_log_file_1474228883829ms.temdata'
[ INFO  ] [ 09/18 16:01:33 ] Data logger closed
[ INFO  ] [ 09/18 16:01:33 ] Application closed
[ INFO  ] [ 02/19 04:07:46 ] Application closing...
[ INFO  ] [ 02/19 04:07:46 ] Data logger closed
[ INFO  ] [ 02/19 04:07:46 ] Application closed
[ INFO  ] [ 02/19 04:08:27 ] Application closing...
[ INFO  ] [ 02/19 04:08:27 ] edu.cornell.rocketry.util.DataLogger#close() deleted unused log file 'tem_log_file_1455872898642ms.temdata'
[ INFO  ] [ 02/19 04:08:27 ] Data logger closed
[ INFO  ] [ 02/19 04:08:27 ] Application closed
[ INFO  ] [ 02/19 04:09:45 ] Application closing...
[ INFO  ] [ 02/19 04:09:45 ] edu.cornell.rocketry.util.DataLogger#close() deleted unused log file 'tem_log_file_1455872973017ms.temdata'
[ INFO  ] [ 02/19 04:09:45 ] Data logger closed
[ INFO  ] [ 02/19 04:09:45 ] Application closed
[ INFO  ] [ 02/19 13:16:30 ] Application closing...
[ INFO  ] [ 02/19 13:16:30 ] Data logger closed
[ INFO  ] [ 02/19 13:16:30 ] Application closed
[ INFO  ] [ 02/19 13:44:53 ] Application closing...
[ INFO  ] [ 02/19 13:44:53 ] Data logger closed
[ INFO  ] [ 02/19 13:44:53 ] Application closed
[ INFO  ] [ 02/19 21:52:21 ] Application closing...
[ INFO  ] [ 02/19 21:52:21 ] Data logger closed
[ INFO  ] [ 02/19 21:52:21 ] Application closed
[ INFO  ] [ 02/19 22:15:47 ] Application closing...
[ INFO  ] [ 02/19 22:15:47 ] Data logger closed
[ INFO  ] [ 02/19 22:15:47 ] Application closed
[ ERROR ] [ 02/19 22:23:37 ] edu.cornell.rocketry.util.BasicTEMSimulator#loadSimFile failed with exception: java.lang.NumberFormatException: For input string: "time"
[ ERROR ] [ 02/19 22:29:24 ] edu.cornell.rocketry.util.BasicTEMSimulator#loadSimFile failed with exception: java.lang.NumberFormatException: For input string: "228.0"
[ INFO  ] [ 02/20 08:57:23 ] Application closing...
[ INFO  ] [ 02/20 08:57:23 ] edu.cornell.rocketry.util.DataLogger#close() deleted unused log file 'tem_log_file_1455976076692ms.temdata'
[ INFO  ] [ 02/20 08:57:23 ] Data logger closed
[ INFO  ] [ 02/20 08:57:23 ] Application closed
[ INFO  ] [ 02/20 09:36:48 ] Application closing...
[ INFO  ] [ 02/20 09:36:48 ] edu.cornell.rocketry.util.DataLogger#close() deleted unused log file 'tem_log_file_1455978845941ms.temdata'
[ INFO  ] [ 02/20 09:36:48 ] Data logger closed
[ INFO  ] [ 02/20 09:36:48 ] Application closed
[ INFO  ] [ 02/20 11:01:19 ] Application closing...
[ INFO  ] [ 02/20 11:01:19 ] edu.cornell.rocketry.util.DataLogger#close() deleted unused log file 'tem_log_file_1455983259654ms.temdata'
[ INFO  ] [ 02/20 11:01:19 ] Data logger closed
[ INFO  ] [ 02/20 11:01:19 ] Application closed
[ INFO  ] [ 02/20 12:36:36 ] Application closing...
[ INFO  ] [ 02/20 12:36:36 ] Data logger closed
[ INFO  ] [ 02/20 12:36:36 ] Application closed
[ INFO  ] [ 02/20 13:54:04 ] Application closing...
[ INFO  ] [ 02/20 13:54:04 ] Data logger closed
[ INFO  ] [ 02/20 13:54:04 ] Application closed
[ INFO  ] [ 02/20 16:20:48 ] Application closing...
[ INFO  ] [ 02/20 16:20:48 ] Data logger closed
[ INFO  ] [ 02/20 16:20:48 ] Application closed
[ INFO  ] [ 02/24 20:12:14 ] Application closing...
[ INFO  ] [ 02/24 20:12:14 ] edu.cornell.rocketry.util.DataLogger#close() deleted unused log file 'tem_log_file_1456362731874ms.temdata'
[ INFO  ] [ 02/24 20:12:14 ] Data logger closed
[ INFO  ] [ 02/24 20:12:14 ] Application closed
[ INFO  ] [ 02/24 20:14:42 ] Application closing...
[ INFO  ] [ 02/24 20:14:42 ] edu.cornell.rocketry.util.DataLogger#close() deleted unused log file 'tem_log_file_1456362880429ms.temdata'
[ INFO  ] [ 02/24 20:14:42 ] Data logger closed
[ INFO  ] [ 02/24 20:14:42 ] Application closed
[ INFO  ] [ 02/24 20:44:05 ] Application closing...
[ INFO  ] [ 02/24 20:44:05 ] edu.cornell.rocketry.util.DataLogger#close() deleted unused log file 'tem_log_file_1456364626874ms.temdata'
[ INFO  ] [ 02/24 20:44:05 ] Data logger closed
[ INFO  ] [ 02/24 20:44:05 ] Application closed
[ INFO  ] [ 03/06 11:41:12 ] Application closing...
[ INFO  ] [ 03/06 11:41:12 ] edu.cornell.rocketry.util.DataLogger#close() deleted unused log file 'tem_log_file_1457240204917ms.temdata'
[ INFO  ] [ 03/06 11:41:12 ] Data logger closed
[ INFO  ] [ 03/06 11:41:12 ] Application closed
[ INFO  ] [ 03/14 17:52:57 ] Application closing...
[ INFO  ] [ 03/14 17:52:57 ] edu.cornell.rocketry.util.DataLogger#close() deleted unused log file 'tem_log_file_1457992357149ms.temdata'
[ INFO  ] [ 03/14 17:52:57 ] Data logger closed
[ INFO  ] [ 03/14 17:52:57 ] Application closed
[ INFO  ] [ 03/14 18:29:37 ] Application closing...
[ INFO  ] [ 03/14 18:29:37 ] edu.cornell.rocketry.util.DataLogger#close() deleted unused log file 'tem_log_file_1457992386256ms.temdata'
[ INFO  ] [ 03/14 18:29:37 ] Data logger closed
[ INFO  ] [ 03/14 18:29:37 ] Application closed
[ INFO  ] [ 03/14 19:20:09 ] Application closing...
[ INFO  ] [ 03/14 19:20:09 ] edu.cornell.rocketry.util.DataLogger#close() deleted unused log file 'tem_log_file_1457997499417ms.temdata'
[ INFO  ] [ 03/14 19:20:09 ] Data logger closed
[ INFO  ] [ 03/14 19:20:09 ] Application closed
[ INFO  ] [ 03/14 19:23:07 ] Application closing...
[ INFO  ] [ 03/14 19:23:07 ] edu.cornell.rocketry.util.DataLogger#close() deleted unused log file 'tem_log_file_1457997612598ms.temdata'
[ INFO  ] [ 03/14 19:23:07 ] Data logger closed
[ INFO  ] [ 03/14 19:23:07 ] Application closed
[ INFO  ] [ 03/14 19:24:05 ] Application closing...
[ INFO  ] [ 03/14 19:24:05 ] edu.cornell.rocketry.util.DataLogger#close() deleted unused log file 'tem_log_file_1457997832316ms.temdata'
[ INFO  ] [ 03/14 19:24:05 ] Data logger closed
[ INFO  ] [ 03/14 19:24:05 ] Application closed
[ INFO  ] [ 03/14 19:26:05 ] Application closing...
[ INFO  ] [ 03/14 19:26:05 ] edu.cornell.rocketry.util.DataLogger#close() deleted unused log file 'tem_log_file_1457997873675ms.temdata'
[ INFO  ] [ 03/14 19:26:05 ] Data logger closed
[ INFO  ] [ 03/14 19:26:05 ] Application closed
[ INFO  ] [ 03/14 19:28:35 ] Application closing...
[ INFO  ] [ 03/14 19:28:35 ] edu.cornell.rocketry.util.DataLogger#close() deleted unused log file 'tem_log_file_1457997969545ms.temdata'
[ INFO  ] [ 03/14 19:28:35 ] Data logger closed
[ INFO  ] [ 03/14 19:28:35 ] Application closed
[ INFO  ] [ 03/14 19:28:47 ] Application closing...
[ INFO  ] [ 03/14 19:28:47 ] edu.cornell.rocketry.util.DataLogger#close() deleted unused log file 'tem_log_file_1457998123058ms.temdata'
[ INFO  ] [ 03/14 19:28:47 ] Data logger closed
[ INFO  ] [ 03/14 19:28:47 ] Application closed
[ INFO  ] [ 03/14 23:45:58 ] Application closing...
[ INFO  ] [ 03/14 23:45:58 ] edu.cornell.rocketry.util.DataLogger#close() deleted unused log file 'tem_log_file_1458013169943ms.temdata'
[ INFO  ] [ 03/14 23:45:58 ] Data logger closed
[ INFO  ] [ 03/14 23:45:58 ] Application closed
[ INFO  ] [ 03/14 23:47:11 ] Application closing...
[ INFO  ] [ 03/14 23:47:11 ] edu.cornell.rocketry.util.DataLogger#close() deleted unused log file 'tem_log_file_1458013561644ms.temdata'
[ INFO  ] [ 03/14 23:47:11 ] Data logger closed
[ INFO  ] [ 03/14 23:47:11 ] Application closed
[ INFO  ] [ 03/14 23:47:46 ] Application closing...
[ INFO  ] [ 03/14 23:47:46 ] edu.cornell.rocketry.util.DataLogger#close() deleted unused log file 'tem_log_file_1458013656353ms.temdata'
[ INFO  ] [ 03/14 23:47:46 ] Data logger closed
[ INFO  ] [ 03/14 23:47:46 ] Application closed
[ INFO  ] [ 03/15 00:12:43 ] Application closing...
[ INFO  ] [ 03/15 00:12:43 ] edu.cornell.rocketry.util.DataLogger#close() deleted unused log file 'tem_log_file_1458013784943ms.temdata'
[ INFO  ] [ 03/15 00:12:43 ] Data logger closed
[ INFO  ] [ 03/15 00:12:43 ] Application closed
[ INFO  ] [ 03/15 00:19:41 ] Application closing...
[ INFO  ] [ 03/15 00:19:41 ] edu.cornell.rocketry.util.DataLogger#close() deleted unused log file 'tem_log_file_1458015478713ms.temdata'
[ INFO  ] [ 03/15 00:19:41 ] Data logger closed
[ INFO  ] [ 03/15 00:19:41 ] Application closed
[ INFO  ] [ 03/15 00:20:25 ] Application closing...
[ INFO  ] [ 03/15 00:20:25 ] edu.cornell.rocketry.util.DataLogger#close() deleted unused log file 'tem_log_file_1458015584025ms.temdata'
[ INFO  ] [ 03/15 00:20:25 ] Data logger closed
[ INFO  ] [ 03/15 00:20:25 ] Application closed
[ INFO  ] [ 03/15 01:04:30 ] Application closing...
[ INFO  ] [ 03/15 01:04:30 ] edu.cornell.rocketry.util.DataLogger#close() deleted unused log file 'tem_log_file_1458017886470ms.temdata'
[ INFO  ] [ 03/15 01:04:30 ] Data logger closed
[ INFO  ] [ 03/15 01:04:30 ] Application closed
[ INFO  ] [ 03/15 01:04:31 ] Application closing...
[ INFO  ] [ 03/15 01:04:31 ] edu.cornell.rocketry.util.DataLogger#close() deleted unused log file 'tem_log_file_1458016808183ms.temdata'
[ INFO  ] [ 03/15 01:04:31 ] Data logger closed
[ INFO  ] [ 03/15 01:04:31 ] Application closed
[ INFO  ] [ 03/15 15:44:58 ] Application closing...
[ INFO  ] [ 03/15 15:44:58 ] edu.cornell.rocketry.util.DataLogger#close() deleted unused log file 'tem_log_file_1458070831434ms.temdata'
[ INFO  ] [ 03/15 15:44:58 ] Data logger closed
[ INFO  ] [ 03/15 15:44:58 ] Application closed
[ INFO  ] [ 03/15 15:46:59 ] Application closing...
[ INFO  ] [ 03/15 15:46:59 ] edu.cornell.rocketry.util.DataLogger#close() deleted unused log file 'tem_log_file_1458071102189ms.temdata'
[ INFO  ] [ 03/15 15:46:59 ] Data logger closed
[ INFO  ] [ 03/15 15:46:59 ] Application closed
[ INFO  ] [ 03/15 15:47:23 ] Application closing...
[ INFO  ] [ 03/15 15:47:23 ] edu.cornell.rocketry.util.DataLogger#close() deleted unused log file 'tem_log_file_1458071222852ms.temdata'
[ INFO  ] [ 03/15 15:47:23 ] Data logger closed
[ INFO  ] [ 03/15 15:47:23 ] Application closed
[ INFO  ] [ 03/15 16:04:11 ] Application closing...
[ INFO  ] [ 03/15 16:04:11 ] edu.cornell.rocketry.util.DataLogger#close() deleted unused log file 'tem_log_file_1458071507412ms.temdata'
[ INFO  ] [ 03/15 16:04:11 ] Data logger closed
[ INFO  ] [ 03/15 16:04:11 ] Application closed
[ INFO  ] [ 03/15 16:12:20 ] Application closing...
[ INFO  ] [ 03/15 16:12:20 ] edu.cornell.rocketry.util.DataLogger#close() deleted unused log file 'tem_log_file_1458072371414ms.temdata'
[ INFO  ] [ 03/15 16:12:20 ] Data logger closed
[ INFO  ] [ 03/15 16:12:20 ] Application closed
[ INFO  ] [ 03/15 16:14:54 ] Application closing...
[ INFO  ] [ 03/15 16:14:54 ] edu.cornell.rocketry.util.DataLogger#close() deleted unused log file 'tem_log_file_1458072751329ms.temdata'
[ INFO  ] [ 03/15 16:14:54 ] Data logger closed
[ INFO  ] [ 03/15 16:14:54 ] Application closed[ INFO  ] [ 09/11 11:03:37 ] Application closing...
[ INFO  ] [ 09/11 11:03:37 ] edu.cornell.rocketry.util.DataLogger#close() deleted unused log file 'tem_log_file_1473566299374ms.temdata'
[ INFO  ] [ 09/11 11:03:37 ] Data logger closed
[ INFO  ] [ 09/11 11:03:37 ] Application closed
[ INFO  ] [ 09/18 17:03:00 ] Application closing...
[ INFO  ] [ 09/18 17:03:00 ] edu.cornell.rocketry.util.DataLogger#close() deleted unused log file 'tem_log_file_1474232557474ms.temdata'
[ INFO  ] [ 09/18 17:03:00 ] Data logger closed
[ INFO  ] [ 09/18 17:03:00 ] Application closed
[ INFO  ] [ 09/24 16:13:37 ] Application closing...
[ INFO  ] [ 09/24 16:13:37 ] edu.cornell.rocketry.util.DataLogger#close() deleted unused log file 'tem_log_file_1474726444754ms.temdata'
[ INFO  ] [ 09/24 16:13:37 ] Data logger closed
[ INFO  ] [ 09/24 16:13:37 ] Application closed
[ INFO  ] [ 11/11 01:43:34 ] Application closing...
[ INFO  ] [ 11/11 01:43:34 ] edu.cornell.rocketry.util.DataLogger#close() deleted unused log file 'tem_log_file_1478846607241ms.temdata'
[ INFO  ] [ 11/11 01:43:34 ] Data logger closed
[ INFO  ] [ 11/11 01:43:34 ] Application closed
[ INFO  ] [ 11/20 13:53:51 ] Application closing...
[ INFO  ] [ 11/20 13:53:51 ] edu.cornell.rocketry.util.DataLogger#close() deleted unused log file 'tem_log_file_1479668015385ms.temdata'
[ INFO  ] [ 11/20 13:53:51 ] Data logger closed
[ INFO  ] [ 11/20 13:53:51 ] Application closed
[ INFO  ] [ 11/20 13:56:42 ] Application closing...
[ INFO  ] [ 11/20 13:56:42 ] edu.cornell.rocketry.util.DataLogger#close() deleted unused log file 'tem_log_file_1479668174890ms.temdata'
[ INFO  ] [ 11/20 13:56:42 ] Data logger closed
[ INFO  ] [ 11/20 13:56:42 ] Application closed
[ INFO  ] [ 11/20 22:13:19 ] Application closing...
[ INFO  ] [ 11/20 22:13:19 ] edu.cornell.rocketry.util.DataLogger#close() deleted unused log file 'tem_log_file_1479697988193ms.temdata'
[ INFO  ] [ 11/20 22:13:19 ] Data logger closed
[ INFO  ] [ 11/20 22:13:19 ] Application closed
[ INFO  ] [ 11/20 23:04:53 ] Application closing...
[ INFO  ] [ 11/20 23:04:53 ] edu.cornell.rocketry.util.DataLogger#close() deleted unused log file 'tem_log_file_1479697549832ms.temdata'
[ INFO  ] [ 11/20 23:04:53 ] Data logger closed
[ INFO  ] [ 11/20 23:04:53 ] Application closed
[ INFO  ] [ 12/03 21:11:09 ] Application closing...
[ INFO  ] [ 12/03 21:11:09 ] edu.cornell.rocketry.util.DataLogger#close() deleted unused log file 'tem_log_file_1480817438270ms.temdata'
[ INFO  ] [ 12/03 21:11:09 ] Data logger closed
[ INFO  ] [ 12/03 21:11:09 ] Application closed
[ INFO  ] [ 12/03 21:13:23 ] Application closing...
[ INFO  ] [ 12/03 21:13:23 ] edu.cornell.rocketry.util.DataLogger#close() deleted unused log file 'tem_log_file_1480817589089ms.temdata'
[ INFO  ] [ 12/03 21:13:23 ] Data logger closed
[ INFO  ] [ 12/03 21:13:23 ] Application closed
[ INFO  ] [ 12/03 22:03:36 ] Application closing...
[ INFO  ] [ 12/03 22:03:36 ] Data logger closed
[ INFO  ] [ 12/03 22:03:36 ] Application closed
[ INFO  ] [ 12/04 12:28:30 ] Application closing...
[ INFO  ] [ 12/04 12:28:30 ] Data logger closed
[ INFO  ] [ 12/04 12:28:30 ] Application closed
[ INFO  ] [ 12/04 12:31:45 ] Application closing...
[ INFO  ] [ 12/04 12:31:45 ] Data logger closed
[ INFO  ] [ 12/04 12:31:45 ] Application closed
[ INFO  ] [ 12/04 12:37:13 ] Application closing...
[ INFO  ] [ 12/04 12:37:13 ] Data logger closed
[ INFO  ] [ 12/04 12:37:13 ] Application closed
[ INFO  ] [ 12/04 12:41:57 ] Application closing...
[ INFO  ] [ 12/04 12:41:57 ] Data logger closed
[ INFO  ] [ 12/04 12:41:57 ] Application closed
[ INFO  ] [ 12/04 12:42:18 ] Application closing...
[ INFO  ] [ 12/04 12:42:18 ] Data logger closed
[ INFO  ] [ 12/04 12:42:18 ] Application closed
[ INFO  ] [ 12/04 12:45:35 ] Application closing...
[ INFO  ] [ 12/04 12:45:35 ] Data logger closed
[ INFO  ] [ 12/04 12:45:35 ] Application closed
[ INFO  ] [ 12/04 12:52:12 ] Application closing...
[ INFO  ] [ 12/04 12:52:12 ] Data logger closed
[ INFO  ] [ 12/04 12:52:12 ] Application closed
[ INFO  ] [ 12/04 12:56:29 ] Application closing...
[ INFO  ] [ 12/04 12:56:29 ] Data logger closed
[ INFO  ] [ 12/04 12:56:29 ] Application closed
[ INFO  ] [ 12/04 12:57:57 ] Application closing...
[ INFO  ] [ 12/04 12:57:57 ] Data logger closed
[ INFO  ] [ 12/04 12:57:57 ] Application closed
[ INFO  ] [ 12/04 12:59:29 ] Application closing...
[ INFO  ] [ 12/04 12:59:29 ] Data logger closed
[ INFO  ] [ 12/04 12:59:29 ] Application closed
[ INFO  ] [ 12/04 13:02:28 ] Application closing...
[ INFO  ] [ 12/04 13:02:28 ] Data logger closed
[ INFO  ] [ 12/04 13:02:28 ] Application closed
[ INFO  ] [ 12/04 13:03:42 ] Application closing...
[ INFO  ] [ 12/04 13:03:42 ] Data logger closed
[ INFO  ] [ 12/04 13:03:42 ] Application closed
[ INFO  ] [ 12/04 13:06:44 ] Application closing...
[ INFO  ] [ 12/04 13:06:44 ] Data logger closed
[ INFO  ] [ 12/04 13:06:44 ] Application closed
[ INFO  ] [ 12/04 13:08:18 ] Application closing...
[ INFO  ] [ 12/04 13:08:18 ] Data logger closed
[ INFO  ] [ 12/04 13:08:18 ] Application closed
[ INFO  ] [ 12/04 13:12:01 ] Application closing...
[ INFO  ] [ 12/04 13:12:01 ] Data logger closed
[ INFO  ] [ 12/04 13:12:01 ] Application closed
[ INFO  ] [ 12/04 13:12:16 ] Application closing...
[ INFO  ] [ 12/04 13:12:16 ] Data logger closed
[ INFO  ] [ 12/04 13:12:16 ] Application closed
[ INFO  ] [ 12/04 13:15:52 ] Application closing...
[ INFO  ] [ 12/04 13:15:52 ] Data logger closed
[ INFO  ] [ 12/04 13:15:52 ] Application closed
[ INFO  ] [ 12/04 13:16:38 ] Application closing...
[ INFO  ] [ 12/04 13:16:38 ] Data logger closed
[ INFO  ] [ 12/04 13:16:38 ] Application closed
[ INFO  ] [ 12/04 13:18:13 ] Application closing...
[ INFO  ] [ 12/04 13:18:13 ] Data logger closed
[ INFO  ] [ 12/04 13:18:13 ] Application closed
[ INFO  ] [ 12/04 13:22:14 ] Application closing...
[ INFO  ] [ 12/04 13:22:14 ] Data logger closed
[ INFO  ] [ 12/04 13:22:14 ] Application closed
[ INFO  ] [ 12/04 13:25:48 ] Application closing...
[ INFO  ] [ 12/04 13:25:48 ] Data logger closed
[ INFO  ] [ 12/04 13:25:48 ] Application closed
[ INFO  ] [ 12/04 13:29:32 ] Application closing...
[ INFO  ] [ 12/04 13:29:32 ] Data logger closed
[ INFO  ] [ 12/04 13:29:32 ] Application closed
[ INFO  ] [ 12/04 13:30:03 ] Application closing...
[ INFO  ] [ 12/04 13:30:03 ] edu.cornell.rocketry.util.DataLogger#close() deleted unused log file 'tem_log_file_1480876175183ms.temdata'
[ INFO  ] [ 12/04 13:30:03 ] Data logger closed
[ INFO  ] [ 12/04 13:30:03 ] Application closed
[ INFO  ] [ 12/04 14:03:49 ] Application closing...
[ INFO  ] [ 12/04 14:03:49 ] Data logger closed
[ INFO  ] [ 12/04 14:03:49 ] Application closed
[ INFO  ] [ 12/04 14:19:02 ] Application closing...
[ INFO  ] [ 12/04 14:19:02 ] Data logger closed
[ INFO  ] [ 12/04 14:19:02 ] Application closed
[ INFO  ] [ 12/04 14:21:11 ] Application closing...
[ INFO  ] [ 12/04 14:21:11 ] Data logger closed
[ INFO  ] [ 12/04 14:21:11 ] Application closed
[ INFO  ] [ 12/04 14:24:48 ] Application closing...
[ INFO  ] [ 12/04 14:24:48 ] Data logger closed
[ INFO  ] [ 12/04 14:24:48 ] Application closed
[ INFO  ] [ 12/04 14:34:05 ] Application closing...
[ INFO  ] [ 12/04 14:34:05 ] Data logger closed
[ INFO  ] [ 12/04 14:34:05 ] Application closed
[ INFO  ] [ 12/04 14:35:51 ] Application closing...
[ INFO  ] [ 12/04 14:35:51 ] Data logger closed
[ INFO  ] [ 12/04 14:35:51 ] Application closed
[ INFO  ] [ 12/04 15:43:25 ] Application closing...
[ INFO  ] [ 12/04 15:43:25 ] edu.cornell.rocketry.util.DataLogger#close() deleted unused log file 'tem_log_file_1480883520367ms.temdata'
[ INFO  ] [ 12/04 15:43:25 ] Data logger closed
[ INFO  ] [ 12/04 15:43:25 ] Application closed
[ INFO  ] [ 12/04 15:46:16 ] Application closing...
[ INFO  ] [ 12/04 15:46:16 ] edu.cornell.rocketry.util.DataLogger#close() deleted unused log file 'tem_log_file_1480884210641ms.temdata'
[ INFO  ] [ 12/04 15:46:16 ] Data logger closed
[ INFO  ] [ 12/04 15:46:16 ] Application closed
[ INFO  ] [ 12/04 15:50:27 ] Application closing...
[ INFO  ] [ 12/04 15:50:27 ] Data logger closed
[ INFO  ] [ 12/04 15:50:27 ] Application closed
[ INFO  ] [ 12/04 18:27:15 ] Application closing...
[ INFO  ] [ 12/04 18:27:15 ] Data logger closed
[ INFO  ] [ 12/04 18:27:15 ] Application closed
[ INFO  ] [ 01/16 00:23:01 ] Application closing...
[ INFO  ] [ 01/16 00:23:01 ] edu.cornell.rocketry.util.DataLogger#close() deleted unused log file 'tem_log_file_1484544177243ms.temdata'
[ INFO  ] [ 01/16 00:23:01 ] Data logger closed
[ INFO  ] [ 01/16 00:23:01 ] Application closed
[ INFO  ] [ 01/17 21:40:19 ] Application closing...
[ INFO  ] [ 01/17 21:40:19 ] Data logger closed
[ INFO  ] [ 01/17 21:40:19 ] Application closed
[ INFO  ] [ 01/19 20:38:45 ] Application closing...
[ INFO  ] [ 01/19 20:38:45 ] edu.cornell.rocketry.util.DataLogger#close() deleted unused log file 'tem_log_file_1484875276949ms.temdata'
[ INFO  ] [ 01/19 20:38:45 ] Data logger closed
[ INFO  ] [ 01/19 20:38:45 ] Application closed
[ INFO  ] [ 01/19 20:39:46 ] Application closing...
[ INFO  ] [ 01/19 20:39:46 ] edu.cornell.rocketry.util.DataLogger#close() deleted unused log file 'tem_log_file_1484876357772ms.temdata'
[ INFO  ] [ 01/19 20:39:46 ] Data logger closed
[ INFO  ] [ 01/19 20:39:46 ] Application closed
[ INFO  ] [ 01/19 20:40:01 ] Application closing...
[ INFO  ] [ 01/19 20:40:01 ] edu.cornell.rocketry.util.DataLogger#close() deleted unused log file 'tem_log_file_1484876390730ms.temdata'
[ INFO  ] [ 01/19 20:40:01 ] Data logger closed
[ INFO  ] [ 01/19 20:40:01 ] Application closed
[ INFO  ] [ 01/19 20:53:52 ] Application closing...
[ INFO  ] [ 01/19 20:53:52 ] edu.cornell.rocketry.util.DataLogger#close() deleted unused log file 'tem_log_file_1484877226722ms.temdata'
[ INFO  ] [ 01/19 20:53:52 ] Data logger closed
[ INFO  ] [ 01/19 20:53:52 ] Application closed
[ INFO  ] [ 01/19 20:54:26 ] Application closing...
[ INFO  ] [ 01/19 20:54:26 ] edu.cornell.rocketry.util.DataLogger#close() deleted unused log file 'tem_log_file_1484877257259ms.temdata'
[ INFO  ] [ 01/19 20:54:26 ] Data logger closed
[ INFO  ] [ 01/19 20:54:26 ] Application closed
[ INFO  ] [ 01/19 20:59:05 ] Application closing...
[ INFO  ] [ 01/19 20:59:05 ] edu.cornell.rocketry.util.DataLogger#close() deleted unused log file 'tem_log_file_1484877281303ms.temdata'
[ INFO  ] [ 01/19 20:59:05 ] Data logger closed
[ INFO  ] [ 01/19 20:59:05 ] Application closed
[ INFO  ] [ 01/19 21:01:44 ] Application closing...
[ INFO  ] [ 01/19 21:01:44 ] edu.cornell.rocketry.util.DataLogger#close() deleted unused log file 'tem_log_file_1484877699145ms.temdata'
[ INFO  ] [ 01/19 21:01:44 ] Data logger closed
[ INFO  ] [ 01/19 21:01:44 ] Application closed
[ INFO  ] [ 01/19 21:15:34 ] Application closing...
[ INFO  ] [ 01/19 21:15:34 ] edu.cornell.rocketry.util.DataLogger#close() deleted unused log file 'tem_log_file_1484877926975ms.temdata'
[ INFO  ] [ 01/19 21:15:34 ] Data logger closed
[ INFO  ] [ 01/19 21:15:34 ] Application closed
[ INFO  ] [ 01/19 21:16:23 ] Application closing...
[ INFO  ] [ 01/19 21:16:23 ] edu.cornell.rocketry.util.DataLogger#close() deleted unused log file 'tem_log_file_1484878536411ms.temdata'
[ INFO  ] [ 01/19 21:16:23 ] Data logger closed
[ INFO  ] [ 01/19 21:16:23 ] Application closed
[ INFO  ] [ 01/19 21:17:09 ] Application closing...
[ INFO  ] [ 01/19 21:17:09 ] edu.cornell.rocketry.util.DataLogger#close() deleted unused log file 'tem_log_file_1484878624401ms.temdata'
[ INFO  ] [ 01/19 21:17:09 ] Data logger closed
[ INFO  ] [ 01/19 21:17:09 ] Application closed
[ INFO  ] [ 01/19 21:17:11 ] Application closing...
[ INFO  ] [ 01/19 21:17:11 ] edu.cornell.rocketry.util.DataLogger#close() deleted unused log file 'tem_log_file_1484878586119ms.temdata'
[ INFO  ] [ 01/19 21:17:11 ] Data logger closed
[ INFO  ] [ 01/19 21:17:11 ] Application closed
[ INFO  ] [ 01/19 21:19:41 ] Application closing...
[ INFO  ] [ 01/19 21:19:41 ] edu.cornell.rocketry.util.DataLogger#close() deleted unused log file 'tem_log_file_1484878753253ms.temdata'
[ INFO  ] [ 01/19 21:19:41 ] Data logger closed
[ INFO  ] [ 01/19 21:19:41 ] Application closed
[ INFO  ] [ 01/19 21:23:32 ] Application closing...
[ INFO  ] [ 01/19 21:23:32 ] edu.cornell.rocketry.util.DataLogger#close() deleted unused log file 'tem_log_file_1484878829398ms.temdata'
[ INFO  ] [ 01/19 21:23:32 ] Data logger closed
[ INFO  ] [ 01/19 21:23:32 ] Application closed
[ INFO  ] [ 01/19 21:23:33 ] Application closing...
[ INFO  ] [ 01/19 21:23:33 ] edu.cornell.rocketry.util.DataLogger#close() deleted unused log file 'tem_log_file_1484878783243ms.temdata'
[ INFO  ] [ 01/19 21:23:33 ] Data logger closed
[ INFO  ] [ 01/19 21:23:33 ] Application closed
[ INFO  ] [ 01/19 21:28:29 ] Application closing...
[ INFO  ] [ 01/19 21:28:29 ] edu.cornell.rocketry.util.DataLogger#close() deleted unused log file 'tem_log_file_1484879017331ms.temdata'
[ INFO  ] [ 01/19 21:28:29 ] Data logger closed
[ INFO  ] [ 01/19 21:28:29 ] Application closed
[ INFO  ] [ 01/19 21:34:52 ] Application closing...
[ INFO  ] [ 01/19 21:34:52 ] edu.cornell.rocketry.util.DataLogger#close() deleted unused log file 'tem_log_file_1484879660437ms.temdata'
[ INFO  ] [ 01/19 21:34:52 ] Data logger closed
[ INFO  ] [ 01/19 21:34:52 ] Application closed
[ INFO  ] [ 01/19 21:38:43 ] Application closing...
[ INFO  ] [ 01/19 21:38:43 ] edu.cornell.rocketry.util.DataLogger#close() deleted unused log file 'tem_log_file_1484879702262ms.temdata'
[ INFO  ] [ 01/19 21:38:43 ] Data logger closed
[ INFO  ] [ 01/19 21:38:43 ] Application closed
[ INFO  ] [ 01/19 21:39:00 ] Application closing...
[ INFO  ] [ 01/19 21:39:00 ] edu.cornell.rocketry.util.DataLogger#close() deleted unused log file 'tem_log_file_1484879914419ms.temdata'
[ INFO  ] [ 01/19 21:39:00 ] Data logger closed
[ INFO  ] [ 01/19 21:39:00 ] Application closed
[ INFO  ] [ 01/19 21:39:10 ] Application closing...
[ INFO  ] [ 01/19 21:39:10 ] edu.cornell.rocketry.util.DataLogger#close() deleted unused log file 'tem_log_file_1484879937505ms.temdata'
[ INFO  ] [ 01/19 21:39:10 ] Data logger closed
[ INFO  ] [ 01/19 21:39:10 ] Application closed
[ INFO  ] [ 01/19 21:47:09 ] Application closing...
[ INFO  ] [ 01/19 21:47:09 ] edu.cornell.rocketry.util.DataLogger#close() deleted unused log file 'tem_log_file_1484879952978ms.temdata'
[ INFO  ] [ 01/19 21:47:09 ] Data logger closed
[ INFO  ] [ 01/19 21:47:09 ] Application closed
[ INFO  ] [ 01/19 21:51:43 ] Application closing...
[ INFO  ] [ 01/19 21:51:43 ] Data logger closed
[ INFO  ] [ 01/19 21:51:43 ] Application closed
[ INFO  ] [ 01/19 23:14:45 ] Application closing...
[ INFO  ] [ 01/19 23:14:45 ] Data logger closed
[ INFO  ] [ 01/19 23:14:45 ] Application closed
[ INFO  ] [ 01/21 13:35:18 ] Application closing...
[ INFO  ] [ 01/21 13:35:18 ] Data logger closed
[ INFO  ] [ 01/21 13:35:18 ] Application closed
[ INFO  ] [ 01/21 13:45:25 ] Application closing...
[ INFO  ] [ 01/21 13:45:25 ] Data logger closed
[ INFO  ] [ 01/21 13:45:25 ] Application closed
[ INFO  ] [ 01/21 13:53:46 ] Application closing...
[ INFO  ] [ 01/21 13:53:46 ] edu.cornell.rocketry.util.DataLogger#close() deleted unused log file 'log\tracer_log_1485024327901.csv'
[ INFO  ] [ 01/21 13:53:46 ] Data logger closed
[ INFO  ] [ 01/21 13:53:46 ] Application closed
[ INFO  ] [ 01/21 14:02:42 ] Application closing...
[ INFO  ] [ 01/21 14:02:42 ] Data logger closed
[ INFO  ] [ 01/21 14:02:42 ] Application closed
[ INFO  ] [ 01/21 14:24:23 ] Application closing...
[ INFO  ] [ 01/21 14:24:23 ] edu.cornell.rocketry.util.DataLogger#close() deleted unused log file 'log\tracer_log_1485025365138.csv'
[ INFO  ] [ 01/21 14:24:23 ] Data logger closed
[ INFO  ] [ 01/21 14:24:23 ] Application closed
[ INFO  ] [ 01/21 14:30:00 ] Application closing...
[ INFO  ] [ 01/21 14:30:00 ] edu.cornell.rocketry.util.DataLogger#close() deleted unused log file 'log\tracer_log_1485026662582.csv'
[ INFO  ] [ 01/21 14:30:00 ] Data logger closed
[ INFO  ] [ 01/21 14:30:00 ] Application closed
[ INFO  ] [ 01/21 14:33:22 ] Application closing...
[ INFO  ] [ 01/21 14:33:22 ] edu.cornell.rocketry.util.DataLogger#close() deleted unused log file 'log\tracer_log_1485027002684.csv'
[ INFO  ] [ 01/21 14:33:22 ] Data logger closed
[ INFO  ] [ 01/21 14:33:22 ] Application closed
[ INFO  ] [ 01/21 14:35:20 ] Application closing...
[ INFO  ] [ 01/21 14:35:20 ] edu.cornell.rocketry.util.DataLogger#close() deleted unused log file 'log\tracer_log_1485027202380.csv'
[ INFO  ] [ 01/21 14:35:20 ] Data logger closed
[ INFO  ] [ 01/21 14:35:20 ] Application closed
[ INFO  ] [ 01/21 14:36:13 ] Application closing...
[ INFO  ] [ 01/21 14:36:13 ] edu.cornell.rocketry.util.DataLogger#close() deleted unused log file 'log\tracer_log_1485027322399.csv'
[ INFO  ] [ 01/21 14:36:13 ] Data logger closed
[ INFO  ] [ 01/21 14:36:13 ] Application closed
[ INFO  ] [ 01/21 14:39:48 ] Application closing...
[ INFO  ] [ 01/21 14:39:48 ] edu.cornell.rocketry.util.DataLogger#close() deleted unused log file 'log\tracer_log_1485027376738.csv'
[ INFO  ] [ 01/21 14:39:48 ] Data logger closed
[ INFO  ] [ 01/21 14:39:48 ] Application closed
[ INFO  ] [ 01/21 14:46:06 ] Application closing...
[ INFO  ] [ 01/21 14:46:06 ] Data logger closed
[ INFO  ] [ 01/21 14:46:06 ] Application closed
[ INFO  ] [ 01/21 14:46:54 ] Application closing...
[ INFO  ] [ 01/21 14:46:54 ] Data logger closed
[ INFO  ] [ 01/21 14:46:54 ] Application closed
[ INFO  ] [ 01/25 22:03:34 ] Application closing...
[ INFO  ] [ 01/25 22:03:34 ] edu.cornell.rocketry.util.DataLogger#close() deleted unused log file 'log\tracer_log_1485396113990.csv'
[ INFO  ] [ 01/25 22:03:34 ] Data logger closed
[ INFO  ] [ 01/25 22:03:34 ] Application closed
[ INFO  ] [ 01/28 16:19:51 ] Application closing...
[ INFO  ] [ 01/28 16:19:51 ] edu.cornell.rocketry.util.DataLogger#close() deleted unused log file 'log\tracer_log_1485634226795.csv'
[ INFO  ] [ 01/28 16:19:51 ] Data logger closed
[ INFO  ] [ 01/28 16:19:51 ] Application closed
[ INFO  ] [ 01/28 16:21:22 ] Application closing...
[ INFO  ] [ 01/28 16:21:22 ] edu.cornell.rocketry.util.DataLogger#close() deleted unused log file 'log\tracer_log_1485638393412.csv'
[ INFO  ] [ 01/28 16:21:22 ] Data logger closed
[ INFO  ] [ 01/28 16:21:22 ] Application closed
[ ERROR ] [ 01/28 16:36:22 ] edu.cornell.rocketry.util.BasicTEMSimulator#loadSimFile failed with exception: java.lang.NumberFormatException: For input string: "42.446243"
[ INFO  ] [ 01/28 16:59:13 ] Application closing...
[ INFO  ] [ 01/28 16:59:13 ] Data logger closed
[ INFO  ] [ 01/28 16:59:13 ] Application closed
[ INFO  ] [ 01/28 17:11:56 ] Application closing...
[ INFO  ] [ 01/28 17:11:56 ] Data logger closed
[ INFO  ] [ 01/28 17:11:56 ] Application closed
[ INFO  ] [ 02/02 16:53:59 ] Application closing...
[ INFO  ] [ 02/02 16:53:59 ] Data logger closed
[ INFO  ] [ 02/02 16:53:59 ] Application closed
[ WARN  ] [ 02/02 16:55:11 ] edu.cornell.rocketry.util.Position#bounds_check failed: longitude = -2.8312556310218708E38, less than -180
[ INFO  ] [ 02/02 16:55:24 ] Application closing...
[ INFO  ] [ 02/02 16:55:24 ] Data logger closed
[ INFO  ] [ 02/02 16:55:24 ] Application closed
[ INFO  ] [ 02/02 16:57:37 ] Application closing...
[ INFO  ] [ 02/02 16:57:37 ] Data logger closed
[ INFO  ] [ 02/02 16:57:37 ] Application closed
[ INFO  ] [ 02/02 17:05:56 ] Application closing...
[ INFO  ] [ 02/02 17:05:56 ] Data logger closed
[ INFO  ] [ 02/02 17:05:56 ] Application closed
[ INFO  ] [ 02/02 17:07:19 ] Application closing...
[ INFO  ] [ 02/02 17:07:19 ] Data logger closed
[ INFO  ] [ 02/02 17:07:19 ] Application closed
[ INFO  ] [ 02/02 17:09:31 ] Application closing...
[ INFO  ] [ 02/02 17:09:31 ] Data logger closed
[ INFO  ] [ 02/02 17:09:31 ] Application closed
[ INFO  ] [ 02/02 17:10:31 ] Application closing...
[ INFO  ] [ 02/02 17:10:31 ] Data logger closed
[ INFO  ] [ 02/02 17:10:31 ] Application closed
[ INFO  ] [ 02/02 17:12:37 ] Application closing...
[ INFO  ] [ 02/02 17:12:37 ] Data logger closed
[ INFO  ] [ 02/02 17:12:37 ] Application closed
[ INFO  ] [ 02/02 17:20:00 ] Application closing...
[ INFO  ] [ 02/02 17:20:00 ] Data logger closed
[ INFO  ] [ 02/02 17:20:00 ] Application closed
[ INFO  ] [ 02/02 17:22:14 ] Application closing...
[ INFO  ] [ 02/02 17:22:14 ] Data logger closed
[ INFO  ] [ 02/02 17:22:14 ] Application closed
[ INFO  ] [ 02/02 17:23:10 ] Application closing...
[ INFO  ] [ 02/02 17:23:10 ] Data logger closed
[ INFO  ] [ 02/02 17:23:10 ] Application closed
[ INFO  ] [ 02/02 17:24:31 ] Application closing...
[ INFO  ] [ 02/02 17:24:31 ] Data logger closed
[ INFO  ] [ 02/02 17:24:31 ] Application closed
[ INFO  ] [ 02/02 17:27:52 ] Application closing...
[ INFO  ] [ 02/02 17:27:52 ] Data logger closed
[ INFO  ] [ 02/02 17:27:52 ] Application closed
[ INFO  ] [ 02/02 17:27:55 ] Application closing...
[ INFO  ] [ 02/02 17:27:55 ] edu.cornell.rocketry.util.DataLogger#close() deleted unused log file 'log\tracer_log_1486074458155.csv'
[ INFO  ] [ 02/02 17:27:55 ] Data logger closed
[ INFO  ] [ 02/02 17:27:55 ] Application closed
[ INFO  ] [ 02/02 17:28:25 ] Application closing...
[ INFO  ] [ 02/02 17:28:25 ] Data logger closed
[ INFO  ] [ 02/02 17:28:25 ] Application closed
[ INFO  ] [ 02/02 17:28:45 ] Application closing...
[ INFO  ] [ 02/02 17:28:45 ] Data logger closed
[ INFO  ] [ 02/02 17:28:45 ] Application closed
[ INFO  ] [ 02/03 12:23:45 ] Application closing...
[ INFO  ] [ 02/03 12:23:45 ] edu.cornell.rocketry.util.DataLogger#close() deleted unused log file 'log\tracer_log_1486076033806.csv'
[ INFO  ] [ 02/03 12:23:45 ] Data logger closed
[ INFO  ] [ 02/03 12:23:45 ] Application closed
[ WARN  ] [ 02/03 18:18:07 ] edu.cornell.rocketry.util.Position#bounds_check failed: latitude = 1.4294264614721018E34, greater than 90
[ WARN  ] [ 02/03 18:18:07 ] edu.cornell.rocketry.util.Position#bounds_check failed: latitude = 1.4294108634276068E34, greater than 90
[ WARN  ] [ 02/03 18:18:07 ] edu.cornell.rocketry.util.Position#bounds_check failed: latitude = -2.591994591780586E38, less than -90
[ WARN  ] [ 02/03 18:18:07 ] edu.cornell.rocketry.util.Position#bounds_check failed: latitude = -2.605286871738435E38, less than -90
[ WARN  ] [ 02/03 18:18:07 ] edu.cornell.rocketry.util.Position#bounds_check failed: latitude = -2.8312556310218708E38, less than -90
[ WARN  ] [ 02/03 18:18:08 ] edu.cornell.rocketry.util.Position#bounds_check failed: latitude = -2.2907048480159214E35, less than -90
[ WARN  ] [ 02/03 18:18:47 ] edu.cornell.rocketry.util.Position#bounds_check failed: latitude = 1.4294109872216108E34, greater than 90
[ WARN  ] [ 02/03 18:19:25 ] edu.cornell.rocketry.util.Position#bounds_check failed: latitude = -8.589934592E9, less than -90
[ INFO  ] [ 02/03 18:19:49 ] Application closing...
[ INFO  ] [ 02/03 18:19:49 ] Data logger closed
[ INFO  ] [ 02/03 18:19:49 ] Application closed
[ WARN  ] [ 02/03 18:21:12 ] edu.cornell.rocketry.util.Position#bounds_check failed: latitude = 1.4294264614721018E34, greater than 90
[ WARN  ] [ 02/03 18:21:12 ] edu.cornell.rocketry.util.Position#bounds_check failed: latitude = 1.4294108634276068E34, greater than 90
[ INFO  ] [ 02/03 18:21:59 ] Application closing...
[ INFO  ] [ 02/03 18:21:59 ] Data logger closed
[ INFO  ] [ 02/03 18:21:59 ] Application closed
[ WARN  ] [ 02/03 18:22:15 ] edu.cornell.rocketry.util.Position#bounds_check failed: latitude = 1.4294264614721018E34, greater than 90
[ WARN  ] [ 02/03 18:22:15 ] edu.cornell.rocketry.util.Position#bounds_check failed: latitude = 1.4294108634276068E34, greater than 90
[ INFO  ] [ 02/03 18:23:48 ] Application closing...
[ INFO  ] [ 02/03 18:23:48 ] Data logger closed
[ INFO  ] [ 02/03 18:23:48 ] Application closed
[ INFO  ] [ 02/03 18:24:34 ] Application closing...
[ INFO  ] [ 02/03 18:24:34 ] Data logger closed
[ INFO  ] [ 02/03 18:24:34 ] Application closed
[ INFO  ] [ 02/03 18:25:20 ] Application closing...
[ INFO  ] [ 02/03 18:25:20 ] Data logger closed
[ INFO  ] [ 02/03 18:25:20 ] Application closed
[ INFO  ] [ 02/03 18:25:55 ] Application closing...
[ INFO  ] [ 02/03 18:25:55 ] Data logger closed
[ INFO  ] [ 02/03 18:25:55 ] Application closed
[ INFO  ] [ 02/03 21:00:55 ] Application closing...
[ INFO  ] [ 02/03 21:00:55 ] edu.cornell.rocketry.util.DataLogger#close() deleted unused log file 'log\tracer_log_1486173646277.csv'
[ INFO  ] [ 02/03 21:00:55 ] Data logger closed
[ INFO  ] [ 02/03 21:00:55 ] Application closed
[ INFO  ] [ 02/03 21:03:22 ] Application closing...
[ INFO  ] [ 02/03 21:03:22 ] Data logger closed
[ INFO  ] [ 02/03 21:03:22 ] Application closed
[ INFO  ] [ 02/03 21:06:23 ] Application closing...
[ INFO  ] [ 02/03 21:06:23 ] Data logger closed
[ INFO  ] [ 02/03 21:06:23 ] Application closed
[ INFO  ] [ 02/03 21:16:51 ] Application closing...
[ INFO  ] [ 02/03 21:16:51 ] edu.cornell.rocketry.util.DataLogger#close() deleted unused log file 'log\tracer_log_1486174521984.csv'
[ INFO  ] [ 02/03 21:16:51 ] Data logger closed
[ INFO  ] [ 02/03 21:16:51 ] Application closed
[ INFO  ] [ 02/03 21:18:01 ] Application closing...
[ INFO  ] [ 02/03 21:18:01 ] edu.cornell.rocketry.util.DataLogger#close() deleted unused log file 'log\tracer_log_1486174626393.csv'
[ INFO  ] [ 02/03 21:18:01 ] Data logger closed
[ INFO  ] [ 02/03 21:18:01 ] Application closed
[ INFO  ] [ 02/03 21:21:56 ] Application closing...
[ INFO  ] [ 02/03 21:21:56 ] Data logger closed
[ INFO  ] [ 02/03 21:21:56 ] Application closed
[ INFO  ] [ 02/03 23:48:22 ] Application closing...
[ INFO  ] [ 02/03 23:48:22 ] Data logger closed
[ INFO  ] [ 02/03 23:48:22 ] Application closed
[ INFO  ] [ 02/04 00:38:48 ] Application closing...
[ INFO  ] [ 02/04 00:38:48 ] edu.cornell.rocketry.util.DataLogger#close() deleted unused log file 'log\tracer_log_1486186617401.csv'
[ INFO  ] [ 02/04 00:38:48 ] Data logger closed
[ INFO  ] [ 02/04 00:38:48 ] Application closed
[ INFO  ] [ 02/04 01:02:24 ] Application closing...
[ INFO  ] [ 02/04 01:02:24 ] edu.cornell.rocketry.util.DataLogger#close() deleted unused log file 'log\tracer_log_1486187158416.csv'
[ INFO  ] [ 02/04 01:02:24 ] Data logger closed
[ INFO  ] [ 02/04 01:02:24 ] Application closed
[ INFO  ] [ 02/04 01:08:19 ] Application closing...
[ INFO  ] [ 02/04 01:08:19 ] Data logger closed
[ INFO  ] [ 02/04 01:08:19 ] Application closed
[ INFO  ] [ 02/04 01:16:13 ] Application closing...
[ INFO  ] [ 02/04 01:16:13 ] Data logger closed
[ INFO  ] [ 02/04 01:16:13 ] Application closed
[ INFO  ] [ 02/04 01:32:40 ] Application closing...
[ INFO  ] [ 02/04 01:32:40 ] Data logger closed
[ INFO  ] [ 02/04 01:32:40 ] Application closed
[ INFO  ] [ 02/04 01:44:32 ] Application closing...
[ INFO  ] [ 02/04 01:44:32 ] Data logger closed
[ INFO  ] [ 02/04 01:44:32 ] Application closed
[ INFO  ] [ 02/04 01:48:26 ] Application closing...
[ INFO  ] [ 02/04 01:48:26 ] Data logger closed
[ INFO  ] [ 02/04 01:48:26 ] Application closed
[ INFO  ] [ 02/04 01:51:53 ] Application closing...
[ INFO  ] [ 02/04 01:51:53 ] Data logger closed
[ INFO  ] [ 02/04 01:51:53 ] Application closed
[ INFO  ] [ 02/04 01:57:43 ] Application closing...
[ INFO  ] [ 02/04 01:57:43 ] Data logger closed
[ INFO  ] [ 02/04 01:57:43 ] Application closed
[ INFO  ] [ 02/04 02:05:31 ] Application closing...
[ INFO  ] [ 02/04 02:05:31 ] Data logger closed
[ INFO  ] [ 02/04 02:05:31 ] Application closed
[ INFO  ] [ 02/04 02:17:15 ] Application closing...
[ INFO  ] [ 02/04 02:17:15 ] Data logger closed
[ INFO  ] [ 02/04 02:17:15 ] Application closed
[ INFO  ] [ 02/04 02:18:28 ] Application closing...
[ INFO  ] [ 02/04 02:18:28 ] Data logger closed
[ INFO  ] [ 02/04 02:18:28 ] Application closed
[ INFO  ] [ 02/04 02:23:32 ] Application closing...
[ INFO  ] [ 02/04 02:23:32 ] Data logger closed
[ INFO  ] [ 02/04 02:23:32 ] Application closed
[ INFO  ] [ 02/04 02:24:49 ] Application closing...
[ INFO  ] [ 02/04 02:24:49 ] Data logger closed
[ INFO  ] [ 02/04 02:24:49 ] Application closed
[ INFO  ] [ 02/04 02:28:35 ] Application closing...
[ INFO  ] [ 02/04 02:28:35 ] Data logger closed
[ INFO  ] [ 02/04 02:28:35 ] Application closed
[ INFO  ] [ 02/04 02:30:48 ] Application closing...
[ INFO  ] [ 02/04 02:30:48 ] Data logger closed
[ INFO  ] [ 02/04 02:30:48 ] Application closed
[ INFO  ] [ 02/04 02:33:12 ] Application closing...
[ INFO  ] [ 02/04 02:33:12 ] Data logger closed
[ INFO  ] [ 02/04 02:33:12 ] Application closed
[ INFO  ] [ 02/04 02:39:44 ] Application closing...
[ INFO  ] [ 02/04 02:39:44 ] Data logger closed
[ INFO  ] [ 02/04 02:39:44 ] Application closed
[ INFO  ] [ 02/04 02:48:39 ] Application closing...
[ INFO  ] [ 02/04 02:48:39 ] edu.cornell.rocketry.util.DataLogger#close() deleted unused log file 'log\tracer_log_1486194505227.csv'
[ INFO  ] [ 02/04 02:48:39 ] Data logger closed
[ INFO  ] [ 02/04 02:48:39 ] Application closed
[ INFO  ] [ 02/04 02:48:42 ] Application closing...
[ INFO  ] [ 02/04 02:48:42 ] Data logger closed
[ INFO  ] [ 02/04 02:48:42 ] Application closed
[ INFO  ] [ 02/04 02:50:28 ] Application closing...
[ INFO  ] [ 02/04 02:50:28 ] Data logger closed
[ INFO  ] [ 02/04 02:50:28 ] Application closed
[ INFO  ] [ 02/04 02:55:56 ] Application closing...
[ INFO  ] [ 02/04 02:55:56 ] Data logger closed
[ INFO  ] [ 02/04 02:55:56 ] Application closed
[ INFO  ] [ 02/04 03:12:44 ] Application closing...
[ INFO  ] [ 02/04 03:12:44 ] Data logger closed
[ INFO  ] [ 02/04 03:12:44 ] Application closed
[ INFO  ] [ 02/04 03:38:13 ] Application closing...
[ INFO  ] [ 02/04 03:38:13 ] Data logger closed
[ INFO  ] [ 02/04 03:38:13 ] Application closed
[ INFO  ] [ 02/04 05:27:18 ] Application closing...
[ INFO  ] [ 02/04 05:27:18 ] Data logger closed
[ INFO  ] [ 02/04 05:27:18 ] Application closed
[ INFO  ] [ 02/04 11:59:53 ] Application closing...
[ INFO  ] [ 02/04 11:59:53 ] edu.cornell.rocketry.util.DataLogger#close() deleted unused log file 'log\tracer_log_1486227343466.csv'
[ INFO  ] [ 02/04 11:59:53 ] Data logger closed
[ INFO  ] [ 02/04 11:59:53 ] Application closed
[ INFO  ] [ 02/10 19:39:15 ] Application closing...
[ INFO  ] [ 02/10 19:39:15 ] Data logger closed
[ INFO  ] [ 02/10 19:39:15 ] Application closed
[ INFO  ] [ 02/10 19:45:31 ] Application closing...
[ INFO  ] [ 02/10 19:45:31 ] Data logger closed
[ INFO  ] [ 02/10 19:45:31 ] Application closed
[ INFO  ] [ 02/10 19:53:32 ] Application closing...
[ INFO  ] [ 02/10 19:53:32 ] Data logger closed
[ INFO  ] [ 02/10 19:53:32 ] Application closed
[ INFO  ] [ 02/10 19:59:11 ] Application closing...
[ INFO  ] [ 02/10 19:59:11 ] Data logger closed
[ INFO  ] [ 02/10 19:59:11 ] Application closed
[ INFO  ] [ 02/10 20:02:22 ] Application closing...
[ INFO  ] [ 02/10 20:02:22 ] Data logger closed
[ INFO  ] [ 02/10 20:02:22 ] Application closed
[ INFO  ] [ 02/10 20:02:55 ] Application closing...
[ INFO  ] [ 02/10 20:02:55 ] Data logger closed
[ INFO  ] [ 02/10 20:02:55 ] Application closed
[ INFO  ] [ 02/10 20:56:33 ] Application closing...
[ INFO  ] [ 02/10 20:56:33 ] Data logger closed
[ INFO  ] [ 02/10 20:56:33 ] Application closed
[ INFO  ] [ 02/10 21:03:26 ] Application closing...
[ INFO  ] [ 02/10 21:03:26 ] Data logger closed
[ INFO  ] [ 02/10 21:03:26 ] Application closed
[ INFO  ] [ 02/10 21:04:00 ] Application closing...
[ INFO  ] [ 02/10 21:04:00 ] Data logger closed
[ INFO  ] [ 02/10 21:04:00 ] Application closed
[ INFO  ] [ 02/10 21:06:16 ] Application closing...
[ INFO  ] [ 02/10 21:06:16 ] Data logger closed
[ INFO  ] [ 02/10 21:06:16 ] Application closed
[ INFO  ] [ 02/11 22:03:38 ] Application closing...
[ INFO  ] [ 02/11 22:03:38 ] edu.cornell.rocketry.util.DataLogger#close() deleted unused log file 'log\tracer_log_1486826880028.csv'
[ INFO  ] [ 02/11 22:03:38 ] Data logger closed
[ INFO  ] [ 02/11 22:03:38 ] Application closed
[ INFO  ] [ 02/15 20:37:21 ] Application closing...
[ INFO  ] [ 02/15 20:37:21 ] edu.cornell.rocketry.util.DataLogger#close() deleted unused log file 'log\tracer_log_1487208885614.csv'
[ INFO  ] [ 02/15 20:37:21 ] Data logger closed
[ INFO  ] [ 02/15 20:37:21 ] Application closed
[ INFO  ] [ 02/15 20:38:50 ] Application closing...
[ INFO  ] [ 02/15 20:38:50 ] edu.cornell.rocketry.util.DataLogger#close() deleted unused log file 'log\tracer_log_1487209043978.csv'
[ INFO  ] [ 02/15 20:38:50 ] Data logger closed
[ INFO  ] [ 02/15 20:38:50 ] Application closed
[ INFO  ] [ 02/15 20:40:09 ] Application closing...
[ INFO  ] [ 02/15 20:40:09 ] edu.cornell.rocketry.util.DataLogger#close() deleted unused log file 'log\tracer_log_1487209136725.csv'
[ INFO  ] [ 02/15 20:40:09 ] Data logger closed
[ INFO  ] [ 02/15 20:40:09 ] Application closed
[ INFO  ] [ 02/15 20:45:03 ] Application closing...
[ INFO  ] [ 02/15 20:45:03 ] edu.cornell.rocketry.util.DataLogger#close() deleted unused log file 'log\tracer_log_1487209454616.csv'
[ INFO  ] [ 02/15 20:45:03 ] Data logger closed
[ INFO  ] [ 02/15 20:45:03 ] Application closed
[ INFO  ] [ 02/15 20:46:23 ] Application closing...
[ INFO  ] [ 02/15 20:46:23 ] edu.cornell.rocketry.util.DataLogger#close() deleted unused log file 'log\tracer_log_1487209569883.csv'
[ INFO  ] [ 02/15 20:46:23 ] Data logger closed
[ INFO  ] [ 02/15 20:46:23 ] Application closed
[ INFO  ] [ 02/15 20:50:01 ] Application closing...
[ INFO  ] [ 02/15 20:50:01 ] edu.cornell.rocketry.util.DataLogger#close() deleted unused log file 'log\tracer_log_1487209742246.csv'
[ INFO  ] [ 02/15 20:50:01 ] Data logger closed
[ INFO  ] [ 02/15 20:50:01 ] Application closed
[ INFO  ] [ 02/15 20:50:21 ] Application closing...
[ INFO  ] [ 02/15 20:50:21 ] edu.cornell.rocketry.util.DataLogger#close() deleted unused log file 'log\tracer_log_1487209804506.csv'
[ INFO  ] [ 02/15 20:50:21 ] Data logger closed
[ INFO  ] [ 02/15 20:50:21 ] Application closed
[ INFO  ] [ 02/15 20:52:22 ] Application closing...
[ INFO  ] [ 02/15 20:52:22 ] edu.cornell.rocketry.util.DataLogger#close() deleted unused log file 'log\tracer_log_1487209911377.csv'
[ INFO  ] [ 02/15 20:52:22 ] Data logger closed
[ INFO  ] [ 02/15 20:52:22 ] Application closed
[ WARN  ] [ 02/15 20:58:05 ] edu.cornell.rocketry.util.Position#bounds_check failed: latitude = 8.970315493093747E37, greater than 90
[ WARN  ] [ 02/15 20:58:05 ] edu.cornell.rocketry.util.Position#bounds_check failed: longitude = 3.87314053961304E19, greater than 180
[ WARN  ] [ 02/15 20:58:05 ] edu.cornell.rocketry.util.Position#bounds_check failed: latitude = -3.0363801913927765E23, less than -90
[ WARN  ] [ 02/15 20:58:05 ] edu.cornell.rocketry.util.Position#bounds_check failed: latitude = -2.180364974504743E34, less than -90
[ WARN  ] [ 02/15 20:58:19 ] edu.cornell.rocketry.util.Position#bounds_check failed: longitude = 3.742009498078716E34, greater than 180
[ WARN  ] [ 02/15 20:58:19 ] edu.cornell.rocketry.util.Position#bounds_check failed: latitude = 4.254376377112683E37, greater than 90
[ WARN  ] [ 02/15 20:58:19 ] edu.cornell.rocketry.util.Position#bounds_check failed: latitude = 1.517361073076982E23, greater than 90
[ WARN  ] [ 02/15 20:58:19 ] edu.cornell.rocketry.util.Position#bounds_check failed: longitude = 3.185288650624035E23, greater than 180
[ WARN  ] [ 02/15 20:58:19 ] edu.cornell.rocketry.util.Position#bounds_check failed: longitude = -1.3310393976349314E20, less than -180
[ WARN  ] [ 02/15 20:58:19 ] edu.cornell.rocketry.util.Position#bounds_check failed: latitude = 5.865185512792375E23, greater than 90
[ INFO  ] [ 02/15 20:58:19 ] Application closing...
[ INFO  ] [ 02/15 20:58:19 ] Data logger closed
[ INFO  ] [ 02/15 20:58:19 ] Application closed
[ WARN  ] [ 02/15 20:58:29 ] edu.cornell.rocketry.util.Position#bounds_check failed: latitude = 8.970315493093747E37, greater than 90
[ WARN  ] [ 02/15 20:58:29 ] edu.cornell.rocketry.util.Position#bounds_check failed: longitude = 3.87314053961304E19, greater than 180
[ WARN  ] [ 02/15 20:58:29 ] edu.cornell.rocketry.util.Position#bounds_check failed: latitude = -3.0363801913927765E23, less than -90
[ WARN  ] [ 02/15 20:58:29 ] edu.cornell.rocketry.util.Position#bounds_check failed: latitude = -2.180364974504743E34, less than -90
[ INFO  ] [ 02/15 20:58:33 ] Application closing...
[ INFO  ] [ 02/15 20:58:33 ] Data logger closed
[ INFO  ] [ 02/15 20:58:33 ] Application closed
[ WARN  ] [ 02/15 21:01:44 ] edu.cornell.rocketry.util.Position#bounds_check failed: latitude = 8.970315493093747E37, greater than 90
[ WARN  ] [ 02/15 21:01:44 ] edu.cornell.rocketry.util.Position#bounds_check failed: longitude = 3.87314053961304E19, greater than 180
[ WARN  ] [ 02/15 21:01:44 ] edu.cornell.rocketry.util.Position#bounds_check failed: latitude = -3.0363801913927765E23, less than -90
[ WARN  ] [ 02/15 21:01:44 ] edu.cornell.rocketry.util.Position#bounds_check failed: latitude = -2.180364974504743E34, less than -90
[ WARN  ] [ 02/15 21:02:18 ] edu.cornell.rocketry.util.Position#bounds_check failed: latitude = 8.970315493093747E37, greater than 90
[ WARN  ] [ 02/15 21:02:18 ] edu.cornell.rocketry.util.Position#bounds_check failed: longitude = 3.87314053961304E19, greater than 180
[ WARN  ] [ 02/15 21:02:18 ] edu.cornell.rocketry.util.Position#bounds_check failed: latitude = -3.0363801913927765E23, less than -90
[ WARN  ] [ 02/15 21:02:18 ] edu.cornell.rocketry.util.Position#bounds_check failed: latitude = -2.180364974504743E34, less than -90
[ INFO  ] [ 02/15 21:02:21 ] Application closing...
[ INFO  ] [ 02/15 21:02:21 ] Data logger closed
[ INFO  ] [ 02/15 21:02:21 ] Application closed
[ INFO  ] [ 02/15 21:04:02 ] Application closing...
[ INFO  ] [ 02/15 21:04:02 ] edu.cornell.rocketry.util.DataLogger#close() deleted unused log file 'log\tracer_log_1487210635223.csv'
[ INFO  ] [ 02/15 21:04:02 ] Data logger closed
[ INFO  ] [ 02/15 21:04:02 ] Application closed
[ INFO  ] [ 02/15 21:05:54 ] Application closing...
[ INFO  ] [ 02/15 21:05:54 ] Data logger closed
[ INFO  ] [ 02/15 21:05:54 ] Application closed
[ INFO  ] [ 02/15 21:14:24 ] Application closing...
[ INFO  ] [ 02/15 21:14:24 ] Data logger closed
[ INFO  ] [ 02/15 21:14:24 ] Application closed
[ INFO  ] [ 02/15 21:16:24 ] Application closing...
[ INFO  ] [ 02/15 21:16:24 ] Data logger closed
[ INFO  ] [ 02/15 21:16:24 ] Application closed
[ INFO  ] [ 02/15 21:17:52 ] Application closing...
[ INFO  ] [ 02/15 21:17:52 ] Data logger closed
[ INFO  ] [ 02/15 21:17:52 ] Application closed
[ INFO  ] [ 02/15 21:39:14 ] Application closing...
[ INFO  ] [ 02/15 21:39:14 ] Data logger closed
[ INFO  ] [ 02/15 21:39:14 ] Application closed
[ INFO  ] [ 02/15 21:40:11 ] Application closing...
[ INFO  ] [ 02/15 21:40:11 ] edu.cornell.rocketry.util.DataLogger#close() deleted unused log file 'log\tracer_log_1487212804032.csv'
[ INFO  ] [ 02/15 21:40:11 ] Data logger closed
[ INFO  ] [ 02/15 21:40:11 ] Application closed
[ INFO  ] [ 02/15 21:41:16 ] Application closing...
[ INFO  ] [ 02/15 21:41:16 ] Data logger closed
[ INFO  ] [ 02/15 21:41:16 ] Application closed
[ INFO  ] [ 02/15 21:42:26 ] Application closing...
[ INFO  ] [ 02/15 21:42:26 ] Data logger closed
[ INFO  ] [ 02/15 21:42:26 ] Application closed
[ INFO  ] [ 02/15 21:50:28 ] Application closing...
[ INFO  ] [ 02/15 21:50:28 ] Data logger closed
[ INFO  ] [ 02/15 21:50:28 ] Application closed
[ INFO  ] [ 02/15 21:52:09 ] Application closing...
[ INFO  ] [ 02/15 21:52:09 ] Data logger closed
[ INFO  ] [ 02/15 21:52:09 ] Application closed
[ INFO  ] [ 02/15 21:53:34 ] Application closing...
[ INFO  ] [ 02/15 21:53:34 ] Data logger closed
[ INFO  ] [ 02/15 21:53:34 ] Application closed
[ INFO  ] [ 02/15 22:01:52 ] Application closing...
[ INFO  ] [ 02/15 22:01:52 ] Data logger closed
[ INFO  ] [ 02/15 22:01:52 ] Application closed
[ INFO  ] [ 02/15 22:03:27 ] Application closing...
[ INFO  ] [ 02/15 22:03:27 ] Data logger closed
[ INFO  ] [ 02/15 22:03:27 ] Application closed
[ INFO  ] [ 02/15 22:07:44 ] Application closing...
[ INFO  ] [ 02/15 22:07:44 ] Data logger closed
[ INFO  ] [ 02/15 22:07:44 ] Application closed
[ INFO  ] [ 02/15 22:13:13 ] Application closing...
[ INFO  ] [ 02/15 22:13:13 ] Data logger closed
[ INFO  ] [ 02/15 22:13:13 ] Application closed
[ INFO  ] [ 02/15 22:17:22 ] Application closing...
[ INFO  ] [ 02/15 22:17:22 ] Data logger closed
[ INFO  ] [ 02/15 22:17:22 ] Application closed
[ INFO  ] [ 02/15 22:22:46 ] Application closing...
[ INFO  ] [ 02/15 22:22:46 ] Data logger closed
[ INFO  ] [ 02/15 22:22:46 ] Application closed
[ INFO  ] [ 02/15 22:34:12 ] Application closing...
[ INFO  ] [ 02/15 22:34:12 ] Data logger closed
[ INFO  ] [ 02/15 22:34:12 ] Application closed
[ INFO  ] [ 02/15 22:56:53 ] Application closing...
[ INFO  ] [ 02/15 22:56:53 ] Data logger closed
[ INFO  ] [ 02/15 22:56:53 ] Application closed
[ INFO  ] [ 02/15 23:02:08 ] Application closing...
[ INFO  ] [ 02/15 23:02:08 ] Data logger closed
[ INFO  ] [ 02/15 23:02:08 ] Application closed
[ WARN  ] [ 02/22 22:22:55 ] edu.cornell.rocketry.util.Position#bounds_check failed: latitude = 6.2505675808824E37, greater than 90
[ WARN  ] [ 02/22 22:22:55 ] edu.cornell.rocketry.util.Position#bounds_check failed: longitude = 4.604906119404359E23, greater than 180
[ WARN  ] [ 02/22 22:22:55 ] edu.cornell.rocketry.util.Position#bounds_check failed: latitude = -2.389099264E9, less than -90
[ WARN  ] [ 02/22 22:22:55 ] edu.cornell.rocketry.util.Position#bounds_check failed: longitude = -1.0617625542374486E31, less than -180
[ WARN  ] [ 02/22 22:22:55 ] edu.cornell.rocketry.util.Position#bounds_check failed: latitude = 2.2209242155039064E23, greater than 90
[ WARN  ] [ 02/22 22:22:55 ] edu.cornell.rocketry.util.Position#bounds_check failed: latitude = -2.5717213964122347E34, less than -90
[ WARN  ] [ 02/22 22:22:55 ] edu.cornell.rocketry.util.Position#bounds_check failed: longitude = 1.1435174007289272E34, greater than 180
[ WARN  ] [ 02/22 22:22:55 ] edu.cornell.rocketry.util.Position#bounds_check failed: longitude = -2.556878848E9, less than -180
[ INFO  ] [ 02/22 22:23:25 ] Application closing...
[ INFO  ] [ 02/22 22:23:25 ] Data logger closed
[ INFO  ] [ 02/22 22:23:25 ] Application closed
[ WARN  ] [ 02/22 22:23:43 ] edu.cornell.rocketry.util.Position#bounds_check failed: latitude = 6.250538678448715E37, greater than 90
[ WARN  ] [ 02/22 22:23:43 ] edu.cornell.rocketry.util.Position#bounds_check failed: longitude = 3.75413363581359E23, greater than 180
[ WARN  ] [ 02/22 22:23:43 ] edu.cornell.rocketry.util.Position#bounds_check failed: latitude = -1.323952E8, less than -90
[ WARN  ] [ 02/22 22:23:43 ] edu.cornell.rocketry.util.Position#bounds_check failed: longitude = 2.2209243956478915E23, greater than 180
[ WARN  ] [ 02/22 22:23:43 ] edu.cornell.rocketry.util.Position#bounds_check failed: longitude = -1.0617625542374486E31, less than -180
[ WARN  ] [ 02/22 22:23:43 ] edu.cornell.rocketry.util.Position#bounds_check failed: latitude = 2.2209242155039064E23, greater than 90
[ WARN  ] [ 02/22 22:23:43 ] edu.cornell.rocketry.util.Position#bounds_check failed: longitude = 4.6167120356115334E23, greater than 180
[ WARN  ] [ 02/22 22:23:43 ] edu.cornell.rocketry.util.Position#bounds_check failed: latitude = 1.0427819588416958E38, greater than 90
[ WARN  ] [ 02/22 22:23:43 ] edu.cornell.rocketry.util.Position#bounds_check failed: longitude = -1.113352980019175E31, less than -180
[ WARN  ] [ 02/22 22:23:43 ] edu.cornell.rocketry.util.Position#bounds_check failed: latitude = 3.741983748925899E34, greater than 90
[ INFO  ] [ 02/22 22:25:34 ] Application closing...
[ INFO  ] [ 02/22 22:25:34 ] Data logger closed
[ INFO  ] [ 02/22 22:25:34 ] Application closed
[ WARN  ] [ 02/22 22:26:00 ] edu.cornell.rocketry.util.Position#bounds_check failed: latitude = 6.250538678448715E37, greater than 90
[ WARN  ] [ 02/22 22:26:00 ] edu.cornell.rocketry.util.Position#bounds_check failed: longitude = 3.75413363581359E23, greater than 180
[ WARN  ] [ 02/22 22:26:00 ] edu.cornell.rocketry.util.Position#bounds_check failed: longitude = -2.65753472E9, less than -180
[ WARN  ] [ 02/22 22:26:00 ] edu.cornell.rocketry.util.Position#bounds_check failed: longitude = 5.738315148121676E23, greater than 180
[ WARN  ] [ 02/22 22:26:00 ] edu.cornell.rocketry.util.Position#bounds_check failed: latitude = -134.94931030273438, less than -90
[ WARN  ] [ 02/22 22:26:00 ] edu.cornell.rocketry.util.Position#bounds_check failed: longitude = 5.3722906728706766E23, greater than 180
[ WARN  ] [ 02/22 22:26:00 ] edu.cornell.rocketry.util.Position#bounds_check failed: longitude = 3.7417602660533674E23, greater than 180
[ WARN  ] [ 02/22 22:26:00 ] edu.cornell.rocketry.util.Position#bounds_check failed: longitude = 8.946877140555767E37, greater than 180
[ WARN  ] [ 02/22 22:26:00 ] edu.cornell.rocketry.util.Position#bounds_check failed: latitude = -3.0363801913927765E23, less than -90
[ WARN  ] [ 02/22 22:26:00 ] edu.cornell.rocketry.util.Position#bounds_check failed: latitude = 1.1435174007289272E34, greater than 90
[ WARN  ] [ 02/22 22:26:00 ] edu.cornell.rocketry.util.Position#bounds_check failed: longitude = 7.782338903352017E19, greater than 180
[ WARN  ] [ 02/22 22:26:00 ] edu.cornell.rocketry.util.Position#bounds_check failed: longitude = 1.6929740766586968E23, greater than 180
[ INFO  ] [ 02/22 22:26:23 ] Application closing...
[ INFO  ] [ 02/22 22:26:23 ] Data logger closed
[ INFO  ] [ 02/22 22:26:23 ] Application closed
[ WARN  ] [ 02/22 22:27:06 ] edu.cornell.rocketry.util.Position#bounds_check failed: latitude = 6.250518903099351E37, greater than 90
[ WARN  ] [ 02/22 22:27:06 ] edu.cornell.rocketry.util.Position#bounds_check failed: longitude = 2.2209243956478915E23, greater than 180
[ WARN  ] [ 02/22 22:27:06 ] edu.cornell.rocketry.util.Position#bounds_check failed: latitude = -7.645059807229706E37, less than -90
[ WARN  ] [ 02/22 22:27:06 ] edu.cornell.rocketry.util.Position#bounds_check failed: longitude = -2.959506944E9, less than -180
[ WARN  ] [ 02/22 22:27:06 ] edu.cornell.rocketry.util.Position#bounds_check failed: latitude = 2.2209242155039064E23, greater than 90
[ WARN  ] [ 02/22 22:27:06 ] edu.cornell.rocketry.util.Position#bounds_check failed: longitude = 4.6167120356115334E23, greater than 180
[ WARN  ] [ 02/22 22:27:06 ] edu.cornell.rocketry.util.Position#bounds_check failed: latitude = -2.5716976279634804E34, less than -90
[ WARN  ] [ 02/22 22:27:06 ] edu.cornell.rocketry.util.Position#bounds_check failed: longitude = 1.1435169055529115E34, greater than 180
[ INFO  ] [ 02/22 22:27:32 ] Application closing...
[ INFO  ] [ 02/22 22:27:32 ] Data logger closed
[ INFO  ] [ 02/22 22:27:32 ] Application closed
[ WARN  ] [ 02/22 22:30:18 ] edu.cornell.rocketry.util.Position#bounds_check failed: latitude = 6.250583806810083E37, greater than 90
[ WARN  ] [ 02/22 22:30:18 ] edu.cornell.rocketry.util.Position#bounds_check failed: longitude = 2.1228077131581023E23, greater than 180
[ WARN  ] [ 02/22 22:30:18 ] edu.cornell.rocketry.util.Position#bounds_check failed: longitude = 5.516075673910352E19, greater than 180
[ WARN  ] [ 02/22 22:30:18 ] edu.cornell.rocketry.util.Position#bounds_check failed: latitude = 3.0229371266490606E23, greater than 90
[ WARN  ] [ 02/22 22:30:18 ] edu.cornell.rocketry.util.Position#bounds_check failed: latitude = -2.5716976279634804E34, less than -90
[ WARN  ] [ 02/22 22:30:18 ] edu.cornell.rocketry.util.Position#bounds_check failed: latitude = -3.6831328E7, less than -90
[ INFO  ] [ 02/22 22:30:52 ] Application closing...
[ INFO  ] [ 02/22 22:30:52 ] Data logger closed
[ INFO  ] [ 02/22 22:30:52 ] Application closed
[ WARN  ] [ 02/22 22:32:28 ] edu.cornell.rocketry.util.Position#bounds_check failed: latitude = 6.2505675808824E37, greater than 90
[ WARN  ] [ 02/22 22:32:28 ] edu.cornell.rocketry.util.Position#bounds_check failed: latitude = 3.7334581503562875E23, greater than 90
[ WARN  ] [ 02/22 22:32:28 ] edu.cornell.rocketry.util.Position#bounds_check failed: latitude = -2.5717218915882504E34, less than -90
[ WARN  ] [ 02/22 22:32:28 ] edu.cornell.rocketry.util.Position#bounds_check failed: latitude = 7.174078515554707E19, greater than 90
[ WARN  ] [ 02/22 22:32:28 ] edu.cornell.rocketry.util.Position#bounds_check failed: longitude = 4.554722328612585E23, greater than 180
[ INFO  ] [ 02/22 22:33:42 ] Application closing...
[ INFO  ] [ 02/22 22:33:42 ] Data logger closed
[ INFO  ] [ 02/22 22:33:42 ] Application closed
[ WARN  ] [ 02/22 22:33:58 ] edu.cornell.rocketry.util.Position#bounds_check failed: latitude = 1.2501037806198703E38, greater than 90
[ WARN  ] [ 02/22 22:33:58 ] edu.cornell.rocketry.util.Position#bounds_check failed: longitude = 3.1646264958216297E23, greater than 180
[ WARN  ] [ 02/22 22:33:58 ] edu.cornell.rocketry.util.Position#bounds_check failed: latitude = 3.6862355663915016E23, greater than 90
[ WARN  ] [ 02/22 22:33:59 ] edu.cornell.rocketry.util.Position#bounds_check failed: latitude = 4.8356381383935064E23, greater than 90
[ WARN  ] [ 02/22 22:33:59 ] edu.cornell.rocketry.util.Position#bounds_check failed: longitude = -3.732905828897987E23, less than -180
[ INFO  ] [ 02/22 22:34:40 ] Application closing...
[ INFO  ] [ 02/22 22:34:40 ] Data logger closed
[ INFO  ] [ 02/22 22:34:40 ] Application closed
[ INFO  ] [ 02/22 22:47:43 ] Application closing...
[ INFO  ] [ 02/22 22:47:43 ] edu.cornell.rocketry.util.DataLogger#close() deleted unused log file 'log\tracer_log_1487821637532.csv'
[ INFO  ] [ 02/22 22:47:43 ] Data logger closed
[ INFO  ] [ 02/22 22:47:43 ] Application closed
[ INFO  ] [ 02/22 22:56:35 ] Application closing...
[ INFO  ] [ 02/22 22:56:35 ] edu.cornell.rocketry.util.DataLogger#close() deleted unused log file 'log\tracer_log_1487822153436.csv'
[ INFO  ] [ 02/22 22:56:35 ] Data logger closed
[ INFO  ] [ 02/22 22:56:35 ] Application closed
[ INFO  ] [ 02/22 22:58:28 ] Application closing...
[ INFO  ] [ 02/22 22:58:28 ] Data logger closed
[ INFO  ] [ 02/22 22:58:28 ] Application closed
[ INFO  ] [ 02/24 13:07:55 ] Application closing...
[ INFO  ] [ 02/24 13:07:55 ] Data logger closed
[ INFO  ] [ 02/24 13:07:55 ] Application closed
[ INFO  ] [ 02/24 17:18:10 ] Application closing...
[ INFO  ] [ 02/24 17:18:10 ] Data logger closed
[ INFO  ] [ 02/24 17:18:10 ] Application closed
[ INFO  ] [ 02/25 15:14:59 ] Application closing...
[ INFO  ] [ 02/25 15:14:59 ] Data logger closed
[ INFO  ] [ 02/25 15:14:59 ] Application closed
[ INFO  ] [ 02/25 19:43:49 ] Application closing...
[ INFO  ] [ 02/25 19:43:49 ] Data logger closed
[ INFO  ] [ 02/25 19:43:49 ] Application closed
[ INFO  ] [ 02/26 14:50:07 ] Application closing...
[ INFO  ] [ 02/26 14:50:07 ] Data logger closed
[ INFO  ] [ 02/26 14:50:07 ] Application closed
[ INFO  ] [ 02/26 14:51:48 ] Application closing...
[ INFO  ] [ 02/26 14:51:48 ] Data logger closed
[ INFO  ] [ 02/26 14:51:48 ] Application closed
[ INFO  ] [ 02/26 14:58:19 ] Application closing...
[ INFO  ] [ 02/26 14:58:19 ] Data logger closed
[ INFO  ] [ 02/26 14:58:19 ] Application closed
[ INFO  ] [ 02/26 15:54:23 ] Application closing...
[ INFO  ] [ 02/26 15:54:23 ] Data logger closed
[ INFO  ] [ 02/26 15:54:23 ] Application closed
[ INFO  ] [ 02/26 17:42:36 ] Application closing...
[ INFO  ] [ 02/26 17:42:36 ] Data logger closed
[ INFO  ] [ 02/26 17:42:36 ] Application closed
[ INFO  ] [ 02/26 19:03:05 ] Application closing...
[ INFO  ] [ 02/26 19:03:05 ] edu.cornell.rocketry.util.DataLogger#close() deleted unused log file 'log\tracer_log_1488148987561.csv'
[ INFO  ] [ 02/26 19:03:05 ] Data logger closed
[ INFO  ] [ 02/26 19:03:05 ] Application closed
[ INFO  ] [ 02/26 19:04:26 ] Application closing...
[ INFO  ] [ 02/26 19:04:26 ] Data logger closed
[ INFO  ] [ 02/26 19:04:26 ] Application closed
[ INFO  ] [ 02/26 19:05:04 ] Application closing...
[ INFO  ] [ 02/26 19:05:04 ] Data logger closed
[ INFO  ] [ 02/26 19:05:04 ] Application closed
[ INFO  ] [ 02/26 19:06:35 ] Application closing...
[ INFO  ] [ 02/26 19:06:35 ] Data logger closed
[ INFO  ] [ 02/26 19:06:35 ] Application closed
[ INFO  ] [ 02/26 19:10:06 ] Application closing...
[ INFO  ] [ 02/26 19:10:06 ] Data logger closed
[ INFO  ] [ 02/26 19:10:06 ] Application closed
[ INFO  ] [ 02/26 19:13:55 ] Application closing...
[ INFO  ] [ 02/26 19:13:55 ] Data logger closed
[ INFO  ] [ 02/26 19:13:55 ] Application closed
[ INFO  ] [ 02/26 19:14:32 ] Application closing...
[ INFO  ] [ 02/26 19:14:32 ] Data logger closed
[ INFO  ] [ 02/26 19:14:32 ] Application closed
[ INFO  ] [ 02/26 19:18:29 ] Application closing...
[ INFO  ] [ 02/26 19:18:29 ] Data logger closed
[ INFO  ] [ 02/26 19:18:29 ] Application closed
[ INFO  ] [ 02/26 19:19:17 ] Application closing...
[ INFO  ] [ 02/26 19:19:17 ] Data logger closed
[ INFO  ] [ 02/26 19:19:17 ] Application closed
[ INFO  ] [ 02/26 19:21:08 ] Application closing...
[ INFO  ] [ 02/26 19:21:08 ] Data logger closed
[ INFO  ] [ 02/26 19:21:08 ] Application closed
[ INFO  ] [ 03/02 09:48:53 ] Application closing...
[ INFO  ] [ 03/02 09:48:53 ] edu.cornell.rocketry.util.DataLogger#close() deleted unused log file 'log\tracer_log_1488466038538.csv'
[ INFO  ] [ 03/02 09:48:53 ] Data logger closed
[ INFO  ] [ 03/02 09:48:53 ] Application closed
[ INFO  ] [ 03/03 22:21:23 ] Application closing...
[ INFO  ] [ 03/03 22:21:23 ] Data logger closed
[ INFO  ] [ 03/03 22:21:23 ] Application closed
[ INFO  ] [ 03/03 22:33:26 ] Application closing...
[ INFO  ] [ 03/03 22:33:26 ] Data logger closed
[ INFO  ] [ 03/03 22:33:26 ] Application closed
[ INFO  ] [ 03/03 22:50:00 ] Application closing...
[ INFO  ] [ 03/03 22:50:00 ] Data logger closed
[ INFO  ] [ 03/03 22:50:00 ] Application closed
[ INFO  ] [ 03/03 22:57:20 ] Application closing...
[ INFO  ] [ 03/03 22:57:20 ] edu.cornell.rocketry.util.DataLogger#close() deleted unused log file 'log\tracer_log_1488599804826.csv'
[ INFO  ] [ 03/03 22:57:20 ] Data logger closed
[ INFO  ] [ 03/03 22:57:20 ] Application closed
[ INFO  ] [ 03/03 22:58:01 ] Application closing...
[ INFO  ] [ 03/03 22:58:01 ] Data logger closed
[ INFO  ] [ 03/03 22:58:01 ] Application closed
[ INFO  ] [ 03/03 23:03:28 ] Application closing...
[ INFO  ] [ 03/03 23:03:28 ] Data logger closed
[ INFO  ] [ 03/03 23:03:28 ] Application closed
[ INFO  ] [ 03/03 23:10:10 ] Application closing...
[ INFO  ] [ 03/03 23:10:10 ] Data logger closed
[ INFO  ] [ 03/03 23:10:10 ] Application closed
[ INFO  ] [ 03/03 23:11:11 ] Application closing...
[ INFO  ] [ 03/03 23:11:11 ] Data logger closed
[ INFO  ] [ 03/03 23:11:11 ] Application closed
[ INFO  ] [ 03/03 23:12:07 ] Application closing...
[ INFO  ] [ 03/03 23:12:07 ] Data logger closed
[ INFO  ] [ 03/03 23:12:07 ] Application closed
[ INFO  ] [ 03/03 23:17:09 ] Application closing...
[ INFO  ] [ 03/03 23:17:09 ] Data logger closed
[ INFO  ] [ 03/03 23:17:09 ] Application closed
[ INFO  ] [ 03/03 23:21:20 ] Application closing...
[ INFO  ] [ 03/03 23:21:20 ] Data logger closed
[ INFO  ] [ 03/03 23:21:20 ] Application closed
[ INFO  ] [ 03/03 23:29:12 ] Application closing...
[ INFO  ] [ 03/03 23:29:12 ] Data logger closed
[ INFO  ] [ 03/03 23:29:12 ] Application closed
[ INFO  ] [ 03/03 23:41:32 ] Application closing...
[ INFO  ] [ 03/03 23:41:32 ] Data logger closed
[ INFO  ] [ 03/03 23:41:32 ] Application closed
[ INFO  ] [ 03/03 23:45:35 ] Application closing...
[ INFO  ] [ 03/03 23:45:35 ] Data logger closed
[ INFO  ] [ 03/03 23:45:35 ] Application closed
[ INFO  ] [ 03/03 23:54:31 ] Application closing...
[ INFO  ] [ 03/03 23:54:31 ] Data logger closed
[ INFO  ] [ 03/03 23:54:31 ] Application closed
[ INFO  ] [ 03/03 23:55:38 ] Application closing...
[ INFO  ] [ 03/03 23:55:38 ] Data logger closed
[ INFO  ] [ 03/03 23:55:38 ] Application closed
[ INFO  ] [ 03/04 00:03:51 ] Application closing...
[ INFO  ] [ 03/04 00:03:51 ] Data logger closed
[ INFO  ] [ 03/04 00:03:51 ] Application closed
[ INFO  ] [ 03/04 00:10:05 ] Application closing...
[ INFO  ] [ 03/04 00:10:05 ] Data logger closed
[ INFO  ] [ 03/04 00:10:05 ] Application closed
[ INFO  ] [ 03/04 00:10:46 ] Application closing...
[ INFO  ] [ 03/04 00:10:46 ] Data logger closed
[ INFO  ] [ 03/04 00:10:46 ] Application closed
[ INFO  ] [ 03/04 00:16:54 ] Application closing...
[ INFO  ] [ 03/04 00:16:54 ] Data logger closed
[ INFO  ] [ 03/04 00:16:54 ] Application closed
[ INFO  ] [ 03/04 00:22:30 ] Application closing...
[ INFO  ] [ 03/04 00:22:30 ] Data logger closed
[ INFO  ] [ 03/04 00:22:30 ] Application closed
[ INFO  ] [ 03/04 00:25:12 ] Application closing...
[ INFO  ] [ 03/04 00:25:12 ] Data logger closed
[ INFO  ] [ 03/04 00:25:12 ] Application closed
[ INFO  ] [ 03/04 00:26:41 ] Application closing...
[ INFO  ] [ 03/04 00:26:41 ] Data logger closed
[ INFO  ] [ 03/04 00:26:41 ] Application closed
[ INFO  ] [ 03/04 00:33:01 ] Application closing...
[ INFO  ] [ 03/04 00:33:01 ] Data logger closed
[ INFO  ] [ 03/04 00:33:01 ] Application closed
[ INFO  ] [ 03/04 00:33:38 ] Application closing...
[ INFO  ] [ 03/04 00:33:38 ] Data logger closed
[ INFO  ] [ 03/04 00:33:38 ] Application closed
[ INFO  ] [ 03/04 01:11:13 ] Application closing...
[ INFO  ] [ 03/04 01:11:13 ] Data logger closed
[ INFO  ] [ 03/04 01:11:13 ] Application closed
[ INFO  ] [ 03/04 10:47:31 ] Application closing...
[ INFO  ] [ 03/04 10:47:31 ] Data logger closed
[ INFO  ] [ 03/04 10:47:31 ] Application closed
[ INFO  ] [ 03/04 10:54:41 ] Application closing...
[ INFO  ] [ 03/04 10:54:41 ] edu.cornell.rocketry.util.DataLogger#close() deleted unused log file 'log\tracer_log_1488642465190.csv'
[ INFO  ] [ 03/04 10:54:41 ] Data logger closed
[ INFO  ] [ 03/04 10:54:41 ] Application closed
[ INFO  ] [ 03/04 12:48:24 ] Application closing...
[ INFO  ] [ 03/04 12:48:24 ] Data logger closed
[ INFO  ] [ 03/04 12:48:24 ] Application closed
[ INFO  ] [ 03/04 13:17:54 ] Application closing...
[ INFO  ] [ 03/04 13:17:54 ] Data logger closed
[ INFO  ] [ 03/04 13:17:54 ] Application closed
[ INFO  ] [ 03/04 13:18:41 ] Application closing...
[ INFO  ] [ 03/04 13:18:41 ] Data logger closed
[ INFO  ] [ 03/04 13:18:41 ] Application closed
[ INFO  ] [ 03/04 20:06:05 ] Application closing...
[ INFO  ] [ 03/04 20:06:05 ] Data logger closed
[ INFO  ] [ 03/04 20:06:05 ] Application closed
[ INFO  ] [ 03/04 20:22:10 ] Application closing...
[ INFO  ] [ 03/04 20:22:10 ] Data logger closed
[ INFO  ] [ 03/04 20:22:10 ] Application closed
[ INFO  ] [ 03/04 20:35:21 ] Application closing...
[ INFO  ] [ 03/04 20:35:21 ] Data logger closed
[ INFO  ] [ 03/04 20:35:21 ] Application closed
[ INFO  ] [ 03/04 20:37:42 ] Application closing...
[ INFO  ] [ 03/04 20:37:42 ] Data logger closed
[ INFO  ] [ 03/04 20:37:42 ] Application closed
[ INFO  ] [ 03/04 21:23:24 ] Application closing...
[ INFO  ] [ 03/04 21:23:24 ] Data logger closed
[ INFO  ] [ 03/04 21:23:24 ] Application closed
[ INFO  ] [ 03/04 21:27:31 ] Application closing...
[ INFO  ] [ 03/04 21:27:31 ] Data logger closed
[ INFO  ] [ 03/04 21:27:31 ] Application closed
[ INFO  ] [ 03/04 21:37:41 ] Application closing...
[ INFO  ] [ 03/04 21:37:41 ] Data logger closed
[ INFO  ] [ 03/04 21:37:41 ] Application closed
[ INFO  ] [ 03/04 22:58:27 ] Application closing...
[ INFO  ] [ 03/04 22:58:27 ] edu.cornell.rocketry.util.DataLogger#close() deleted unused log file 'log\tracer_log_1488685443599.csv'
[ INFO  ] [ 03/04 22:58:27 ] Data logger closed
[ INFO  ] [ 03/04 22:58:27 ] Application closed
[ INFO  ] [ 03/05 11:02:41 ] Application closing...
[ INFO  ] [ 03/05 11:02:41 ] edu.cornell.rocketry.util.DataLogger#close() deleted unused log file 'log\tracer_log_1488725751473.csv'
[ INFO  ] [ 03/05 11:02:41 ] Data logger closed
[ INFO  ] [ 03/05 11:02:41 ] Application closed
[ INFO  ] [ 03/05 16:42:43 ] Application closing...
[ INFO  ] [ 03/05 16:42:43 ] Data logger closed
[ INFO  ] [ 03/05 16:42:43 ] Application closed
[ INFO  ] [ 03/08 16:16:34 ] Application closing...
[ INFO  ] [ 03/08 16:16:34 ] edu.cornell.rocketry.util.DataLogger#close() deleted unused log file 'log\tracer_log_1489007626741.csv'
[ INFO  ] [ 03/08 16:16:34 ] Data logger closed
[ INFO  ] [ 03/08 16:16:34 ] Application closed
[ INFO  ] [ 03/08 16:18:33 ] Application closing...
[ INFO  ] [ 03/08 16:18:33 ] edu.cornell.rocketry.util.DataLogger#close() deleted unused log file 'log\tracer_log_1489007901384.csv'
[ INFO  ] [ 03/08 16:18:33 ] Data logger closed
[ INFO  ] [ 03/08 16:18:33 ] Application closed
[ INFO  ] [ 03/08 16:22:51 ] Application closing...
[ INFO  ] [ 03/08 16:22:51 ] edu.cornell.rocketry.util.DataLogger#close() deleted unused log file 'log\tracer_log_1489008091904.csv'
[ INFO  ] [ 03/08 16:22:51 ] Data logger closed
[ INFO  ] [ 03/08 16:22:51 ] Application closed
[ INFO  ] [ 03/08 16:23:12 ] Application closing...
[ INFO  ] [ 03/08 16:23:12 ] edu.cornell.rocketry.util.DataLogger#close() deleted unused log file 'log\tracer_log_1489008175514.csv'
[ INFO  ] [ 03/08 16:23:12 ] Data logger closed
[ INFO  ] [ 03/08 16:23:12 ] Application closed
[ INFO  ] [ 03/08 16:25:39 ] Application closing...
[ INFO  ] [ 03/08 16:25:39 ] edu.cornell.rocketry.util.DataLogger#close() deleted unused log file 'log\tracer_log_1489008325319.csv'
[ INFO  ] [ 03/08 16:25:39 ] Data logger closed
[ INFO  ] [ 03/08 16:25:39 ] Application closed
[ INFO  ] [ 03/08 16:32:36 ] Application closing...
[ INFO  ] [ 03/08 16:32:36 ] Data logger closed
[ INFO  ] [ 03/08 16:32:36 ] Application closed
[ INFO  ] [ 03/13 19:02:11 ] Application closing...
[ INFO  ] [ 03/13 19:02:11 ] Data logger closed
[ INFO  ] [ 03/13 19:02:11 ] Application closed
[ INFO  ] [ 03/13 19:06:34 ] Application closing...
[ INFO  ] [ 03/13 19:06:34 ] Data logger closed
[ INFO  ] [ 03/13 19:06:34 ] Application closed
[ INFO  ] [ 03/13 19:07:55 ] Application closing...
[ INFO  ] [ 03/13 19:07:55 ] Data logger closed
[ INFO  ] [ 03/13 19:07:55 ] Application closed
[ INFO  ] [ 03/13 19:11:34 ] Application closing...
[ INFO  ] [ 03/13 19:11:34 ] edu.cornell.rocketry.util.DataLogger#close() deleted unused log file 'log\tracer_log_1489446669211.csv'
[ INFO  ] [ 03/13 19:11:34 ] Data logger closed
[ INFO  ] [ 03/13 19:11:34 ] Application closed
[ INFO  ] [ 03/13 19:12:02 ] Application closing...
[ INFO  ] [ 03/13 19:12:02 ] Data logger closed
[ INFO  ] [ 03/13 19:12:02 ] Application closed
[ WARN  ] [ 03/13 19:21:57 ] edu.cornell.rocketry.util.Position#bounds_check failed: longitude = 8191.99951171875, greater than 180
[ INFO  ] [ 03/13 19:22:01 ] Application closing...
[ INFO  ] [ 03/13 19:22:01 ] Data logger closed
[ INFO  ] [ 03/13 19:22:01 ] Application closed
[ WARN  ] [ 03/13 19:23:28 ] edu.cornell.rocketry.util.Position#bounds_check failed: longitude = 8191.99951171875, greater than 180
[ INFO  ] [ 03/13 19:23:33 ] Application closing...
[ INFO  ] [ 03/13 19:23:33 ] Data logger closed
[ INFO  ] [ 03/13 19:23:33 ] Application closed
[ WARN  ] [ 03/13 19:29:53 ] edu.cornell.rocketry.util.Position#bounds_check failed: longitude = 8191.99951171875, greater than 180
[ INFO  ] [ 03/13 19:30:03 ] Application closing...
[ INFO  ] [ 03/13 19:30:03 ] Data logger closed
[ INFO  ] [ 03/13 19:30:03 ] Application closed
[ WARN  ] [ 03/13 19:32:37 ] edu.cornell.rocketry.util.Position#bounds_check failed: longitude = 1.3421772E8, greater than 180
[ WARN  ] [ 03/13 19:36:37 ] edu.cornell.rocketry.util.Position#bounds_check failed: latitude = -2.605286668914339E38, less than -90
[ WARN  ] [ 03/13 19:36:55 ] edu.cornell.rocketry.util.Position#bounds_check failed: latitude = 6.660565162118367E23, greater than 90
[ INFO  ] [ 03/13 19:37:18 ] Application closing...
[ INFO  ] [ 03/13 19:37:18 ] Data logger closed
[ INFO  ] [ 03/13 19:37:18 ] Application closed
[ WARN  ] [ 03/13 19:38:36 ] edu.cornell.rocketry.util.Position#bounds_check failed: longitude = 1.3421772E8, greater than 180
[ WARN  ] [ 03/13 19:39:04 ] edu.cornell.rocketry.util.Position#bounds_check failed: latitude = -2.605286668914339E38, less than -90
[ INFO  ] [ 03/13 19:39:12 ] Application closing...
[ INFO  ] [ 03/13 19:39:12 ] Data logger closed
[ INFO  ] [ 03/13 19:39:12 ] Application closed
[ WARN  ] [ 03/13 19:42:44 ] edu.cornell.rocketry.util.Position#bounds_check failed: longitude = 1.3421772E8, greater than 180
[ WARN  ] [ 03/13 19:43:17 ] edu.cornell.rocketry.util.Position#bounds_check failed: latitude = -2.605286668914339E38, less than -90
[ INFO  ] [ 03/13 19:43:24 ] Application closing...
[ INFO  ] [ 03/13 19:43:24 ] Data logger closed
[ INFO  ] [ 03/13 19:43:24 ] Application closed
[ WARN  ] [ 03/13 19:46:04 ] edu.cornell.rocketry.util.Position#bounds_check failed: longitude = 8191.99951171875, greater than 180
[ INFO  ] [ 03/13 19:46:13 ] Application closing...
[ INFO  ] [ 03/13 19:46:13 ] Data logger closed
[ INFO  ] [ 03/13 19:46:13 ] Application closed
[ INFO  ] [ 03/13 19:55:21 ] Application closing...
[ INFO  ] [ 03/13 19:55:21 ] Data logger closed
[ INFO  ] [ 03/13 19:55:21 ] Application closed
[ INFO  ] [ 03/13 19:58:11 ] Application closing...
[ INFO  ] [ 03/13 19:58:11 ] Data logger closed
[ INFO  ] [ 03/13 19:58:11 ] Application closed
[ INFO  ] [ 03/19 13:43:48 ] Application closing...
[ INFO  ] [ 03/19 13:43:48 ] Data logger closed
[ INFO  ] [ 03/19 13:43:48 ] Application closed
[ INFO  ] [ 03/19 13:52:13 ] Application closing...
[ INFO  ] [ 03/19 13:52:13 ] edu.cornell.rocketry.util.DataLogger#close() deleted unused log file 'log\tracer_log_1489945913908.csv'
[ INFO  ] [ 03/19 13:52:13 ] Data logger closed
[ INFO  ] [ 03/19 13:52:13 ] Application closed
[ INFO  ] [ 03/19 14:26:12 ] Application closing...
[ INFO  ] [ 03/19 14:26:12 ] Data logger closed
[ INFO  ] [ 03/19 14:26:12 ] Application closed
[ INFO  ] [ 03/19 14:27:51 ] Application closing...
[ INFO  ] [ 03/19 14:27:51 ] Data logger closed
[ INFO  ] [ 03/19 14:27:51 ] Application closed
[ INFO  ] [ 03/19 15:00:33 ] Application closing...
[ INFO  ] [ 03/19 15:00:33 ] Data logger closed
[ INFO  ] [ 03/19 15:00:33 ] Application closed
[ INFO  ] [ 03/19 15:03:30 ] Application closing...
[ INFO  ] [ 03/19 15:03:30 ] Data logger closed
[ INFO  ] [ 03/19 15:03:30 ] Application closed
[ INFO  ] [ 03/19 15:28:45 ] Application closing...
[ INFO  ] [ 03/19 15:28:45 ] edu.cornell.rocketry.util.DataLogger#close() deleted unused log file 'log\tracer_log_1489951684513.csv'
[ INFO  ] [ 03/19 15:28:45 ] Data logger closed
[ INFO  ] [ 03/19 15:28:45 ] Application closed
